{"/Users/mikolaj/Desktop/Projects/pepper-bot/src/config.ts": {"path":"/Users/mikolaj/Desktop/Projects/pepper-bot/src/config.ts","statementMap":{"0":{"start":{"line":1,"column":25},"end":{"line":29,"column":null}},"1":{"start":{"line":34,"column":89},"end":{"line":35,"column":null}},"2":{"start":{"line":39,"column":40},"end":{"line":39,"column":null}},"3":{"start":{"line":42,"column":43},"end":{"line":44,"column":null}},"4":{"start":{"line":47,"column":39},"end":{"line":50,"column":null}}},"fnMap":{},"branchMap":{},"s":{"0":7,"1":7,"2":7,"3":7,"4":7},"f":{},"b":{},"meta":{"lastBranch":0,"lastFunction":0,"lastStatement":5,"seen":{"s:1:25:29:Infinity":0,"s:34:89:35:Infinity":1,"s:39:40:39:Infinity":2,"s:42:43:44:Infinity":3,"s:47:39:50:Infinity":4}}}
,"/Users/mikolaj/Desktop/Projects/pepper-bot/src/dedupe.ts": {"path":"/Users/mikolaj/Desktop/Projects/pepper-bot/src/dedupe.ts","statementMap":{"0":{"start":{"line":4,"column":23},"end":{"line":4,"column":null}},"1":{"start":{"line":11,"column":2},"end":{"line":15,"column":null}},"2":{"start":{"line":12,"column":16},"end":{"line":12,"column":55}},"3":{"start":{"line":13,"column":4},"end":{"line":13,"column":null}},"4":{"start":{"line":15,"column":4},"end":{"line":15,"column":null}},"5":{"start":{"line":20,"column":2},"end":{"line":20,"column":null}},"6":{"start":{"line":24,"column":17},"end":{"line":24,"column":null}},"7":{"start":{"line":25,"column":2},"end":{"line":25,"column":null}},"8":{"start":{"line":25,"column":42},"end":{"line":25,"column":56}},"9":{"start":{"line":31,"column":16},"end":{"line":31,"column":35}},"10":{"start":{"line":32,"column":18},"end":{"line":32,"column":54}},"11":{"start":{"line":32,"column":48},"end":{"line":32,"column":53}},"12":{"start":{"line":33,"column":17},"end":{"line":33,"column":63}},"13":{"start":{"line":33,"column":37},"end":{"line":33,"column":62}},"14":{"start":{"line":35,"column":2},"end":{"line":42,"column":null}},"15":{"start":{"line":38,"column":18},"end":{"line":38,"column":28}},"16":{"start":{"line":39,"column":6},"end":{"line":39,"column":null}},"17":{"start":{"line":39,"column":30},"end":{"line":39,"column":null}},"18":{"start":{"line":40,"column":6},"end":{"line":40,"column":null}}},"fnMap":{"0":{"name":"load","decl":{"start":{"line":10,"column":15},"end":{"line":10,"column":42}},"loc":{"start":{"line":10,"column":42},"end":{"line":15,"column":null}},"line":10},"1":{"name":"save","decl":{"start":{"line":19,"column":15},"end":{"line":19,"column":20}},"loc":{"start":{"line":19,"column":53},"end":{"line":20,"column":null}},"line":19},"2":{"name":"prune","decl":{"start":{"line":23,"column":9},"end":{"line":23,"column":15}},"loc":{"start":{"line":23,"column":44},"end":{"line":25,"column":null}},"line":23},"3":{"name":"(anonymous_3)","decl":{"start":{"line":25,"column":28},"end":{"line":25,"column":36}},"loc":{"start":{"line":25,"column":42},"end":{"line":25,"column":56}},"line":25},"4":{"name":"filterUnseen","decl":{"start":{"line":28,"column":22},"end":{"line":28,"column":null}},"loc":{"start":{"line":30,"column":59},"end":{"line":42,"column":null}},"line":30},"5":{"name":"(anonymous_5)","decl":{"start":{"line":32,"column":37},"end":{"line":32,"column":42}},"loc":{"start":{"line":32,"column":48},"end":{"line":32,"column":53}},"line":32},"6":{"name":"(anonymous_6)","decl":{"start":{"line":33,"column":23},"end":{"line":33,"column":31}},"loc":{"start":{"line":33,"column":37},"end":{"line":33,"column":62}},"line":33},"7":{"name":"(anonymous_7)","decl":{"start":{"line":37,"column":14},"end":{"line":37,"column":26}},"loc":{"start":{"line":37,"column":26},"end":{"line":40,"column":null}},"line":37}},"branchMap":{},"s":{"0":1,"1":3,"2":3,"3":2,"4":1,"5":1,"6":3,"7":3,"8":2,"9":3,"10":3,"11":1,"12":3,"13":5,"14":3,"15":1,"16":1,"17":2,"18":1},"f":{"0":3,"1":1,"2":3,"3":2,"4":3,"5":1,"6":5,"7":1},"b":{},"meta":{"lastBranch":0,"lastFunction":8,"lastStatement":19,"seen":{"s:4:23:4:Infinity":0,"f:10:15:10:42":0,"s:11:2:15:Infinity":1,"s:12:16:12:55":2,"s:13:4:13:Infinity":3,"s:15:4:15:Infinity":4,"f:19:15:19:20":1,"s:20:2:20:Infinity":5,"f:23:9:23:15":2,"s:24:17:24:Infinity":6,"s:25:2:25:Infinity":7,"f:25:28:25:36":3,"s:25:42:25:56":8,"f:28:22:28:Infinity":4,"s:31:16:31:35":9,"s:32:18:32:54":10,"f:32:37:32:42":5,"s:32:48:32:53":11,"s:33:17:33:63":12,"f:33:23:33:31":6,"s:33:37:33:62":13,"s:35:2:42:Infinity":14,"f:37:14:37:26":7,"s:38:18:38:28":15,"s:39:6:39:Infinity":16,"s:39:30:39:Infinity":17,"s:40:6:40:Infinity":18}}}
,"/Users/mikolaj/Desktop/Projects/pepper-bot/src/digest.ts": {"path":"/Users/mikolaj/Desktop/Projects/pepper-bot/src/digest.ts","statementMap":{"0":{"start":{"line":27,"column":19},"end":{"line":27,"column":54}},"1":{"start":{"line":28,"column":21},"end":{"line":28,"column":null}},"2":{"start":{"line":29,"column":2},"end":{"line":87,"column":null}},"3":{"start":{"line":30,"column":4},"end":{"line":30,"column":null}},"4":{"start":{"line":31,"column":16},"end":{"line":31,"column":50}},"5":{"start":{"line":33,"column":10},"end":{"line":33,"column":36}},"6":{"start":{"line":34,"column":4},"end":{"line":34,"column":null}},"7":{"start":{"line":36,"column":33},"end":{"line":36,"column":61}},"8":{"start":{"line":37,"column":4},"end":{"line":37,"column":null}},"9":{"start":{"line":39,"column":4},"end":{"line":42,"column":null}},"10":{"start":{"line":40,"column":6},"end":{"line":40,"column":null}},"11":{"start":{"line":41,"column":6},"end":{"line":41,"column":null}},"12":{"start":{"line":42,"column":6},"end":{"line":42,"column":null}},"13":{"start":{"line":45,"column":4},"end":{"line":45,"column":null}},"14":{"start":{"line":46,"column":4},"end":{"line":46,"column":null}},"15":{"start":{"line":47,"column":18},"end":{"line":53,"column":6}},"16":{"start":{"line":50,"column":12},"end":{"line":50,"column":null}},"17":{"start":{"line":54,"column":4},"end":{"line":54,"column":null}},"18":{"start":{"line":56,"column":4},"end":{"line":62,"column":null}},"19":{"start":{"line":57,"column":6},"end":{"line":57,"column":null}},"20":{"start":{"line":58,"column":6},"end":{"line":58,"column":null}},"21":{"start":{"line":59,"column":6},"end":{"line":59,"column":null}},"22":{"start":{"line":60,"column":6},"end":{"line":60,"column":null}},"23":{"start":{"line":61,"column":6},"end":{"line":61,"column":null}},"24":{"start":{"line":62,"column":6},"end":{"line":62,"column":null}},"25":{"start":{"line":65,"column":20},"end":{"line":65,"column":47}},"26":{"start":{"line":66,"column":4},"end":{"line":72,"column":null}},"27":{"start":{"line":67,"column":6},"end":{"line":67,"column":null}},"28":{"start":{"line":68,"column":6},"end":{"line":68,"column":null}},"29":{"start":{"line":69,"column":6},"end":{"line":69,"column":null}},"30":{"start":{"line":70,"column":6},"end":{"line":70,"column":null}},"31":{"start":{"line":71,"column":6},"end":{"line":71,"column":null}},"32":{"start":{"line":72,"column":6},"end":{"line":72,"column":null}},"33":{"start":{"line":74,"column":4},"end":{"line":74,"column":null}},"34":{"start":{"line":75,"column":4},"end":{"line":75,"column":null}},"35":{"start":{"line":76,"column":4},"end":{"line":76,"column":null}},"36":{"start":{"line":77,"column":4},"end":{"line":77,"column":null}},"37":{"start":{"line":78,"column":4},"end":{"line":78,"column":null}},"38":{"start":{"line":80,"column":20},"end":{"line":80,"column":68}},"39":{"start":{"line":81,"column":16},"end":{"line":81,"column":null}},"40":{"start":{"line":82,"column":4},"end":{"line":85,"column":null}},"41":{"start":{"line":83,"column":6},"end":{"line":83,"column":null}},"42":{"start":{"line":85,"column":6},"end":{"line":85,"column":null}},"43":{"start":{"line":87,"column":4},"end":{"line":87,"column":null}},"44":{"start":{"line":92,"column":15},"end":{"line":92,"column":57}},"45":{"start":{"line":92,"column":39},"end":{"line":92,"column":55}},"46":{"start":{"line":93,"column":16},"end":{"line":93,"column":99}},"47":{"start":{"line":95,"column":6},"end":{"line":95,"column":37}},"48":{"start":{"line":96,"column":14},"end":{"line":96,"column":null}},"49":{"start":{"line":97,"column":2},"end":{"line":106,"column":null}},"50":{"start":{"line":98,"column":14},"end":{"line":98,"column":35}},"51":{"start":{"line":99,"column":4},"end":{"line":99,"column":null}},"52":{"start":{"line":99,"column":12},"end":{"line":99,"column":null}},"53":{"start":{"line":100,"column":4},"end":{"line":100,"column":null}},"54":{"start":{"line":101,"column":21},"end":{"line":101,"column":null}},"55":{"start":{"line":102,"column":24},"end":{"line":102,"column":null}},"56":{"start":{"line":103,"column":4},"end":{"line":103,"column":null}},"57":{"start":{"line":104,"column":4},"end":{"line":104,"column":null}},"58":{"start":{"line":105,"column":4},"end":{"line":105,"column":null}},"59":{"start":{"line":107,"column":2},"end":{"line":107,"column":null}},"60":{"start":{"line":107,"column":19},"end":{"line":107,"column":null}},"61":{"start":{"line":108,"column":2},"end":{"line":108,"column":null}}},"fnMap":{"0":{"name":"runDigest","decl":{"start":{"line":26,"column":22},"end":{"line":26,"column":32}},"loc":{"start":{"line":26,"column":75},"end":{"line":87,"column":null}},"line":26},"1":{"name":"(anonymous_1)","decl":{"start":{"line":49,"column":10},"end":{"line":49,"column":17}},"loc":{"start":{"line":49,"column":25},"end":{"line":52,"column":null}},"line":49},"2":{"name":"formatDigest","decl":{"start":{"line":91,"column":9},"end":{"line":91,"column":22}},"loc":{"start":{"line":91,"column":66},"end":{"line":108,"column":null}},"line":91},"3":{"name":"(anonymous_3)","decl":{"start":{"line":92,"column":28},"end":{"line":92,"column":33}},"loc":{"start":{"line":92,"column":39},"end":{"line":92,"column":55}},"line":92},"4":{"name":"(anonymous_4)","decl":{"start":{"line":97,"column":8},"end":{"line":97,"column":17}},"loc":{"start":{"line":97,"column":23},"end":{"line":106,"column":null}},"line":97}},"branchMap":{"0":{"loc":{"start":{"line":27,"column":19},"end":{"line":27,"column":54}},"type":"binary-expr","locations":[{"start":{"line":27,"column":19},"end":{"line":27,"column":40}},{"start":{"line":27,"column":28},"end":{"line":27,"column":54}}],"line":27},"1":{"loc":{"start":{"line":39,"column":4},"end":{"line":42,"column":null}},"type":"if","locations":[{"start":{"line":39,"column":4},"end":{"line":42,"column":null}},{"start":{},"end":{}}],"line":39},"2":{"loc":{"start":{"line":48,"column":18},"end":{"line":52,"column":null}},"type":"cond-expr","locations":[{"start":{"line":49,"column":10},"end":{"line":52,"column":null}},{"start":{"line":52,"column":10},"end":{"line":52,"column":null}}],"line":48},"3":{"loc":{"start":{"line":56,"column":4},"end":{"line":62,"column":null}},"type":"if","locations":[{"start":{"line":56,"column":4},"end":{"line":62,"column":null}},{"start":{},"end":{}}],"line":56},"4":{"loc":{"start":{"line":66,"column":4},"end":{"line":72,"column":null}},"type":"if","locations":[{"start":{"line":66,"column":4},"end":{"line":72,"column":null}},{"start":{},"end":{}}],"line":66},"5":{"loc":{"start":{"line":80,"column":20},"end":{"line":80,"column":68}},"type":"cond-expr","locations":[{"start":{"line":80,"column":43},"end":{"line":80,"column":57}},{"start":{"line":80,"column":57},"end":{"line":80,"column":68}}],"line":80},"6":{"loc":{"start":{"line":99,"column":4},"end":{"line":99,"column":null}},"type":"if","locations":[{"start":{"line":99,"column":4},"end":{"line":99,"column":null}},{"start":{},"end":{}}],"line":99},"7":{"loc":{"start":{"line":101,"column":21},"end":{"line":101,"column":null}},"type":"cond-expr","locations":[{"start":{"line":101,"column":31},"end":{"line":101,"column":60}},{"start":{"line":101,"column":60},"end":{"line":101,"column":null}}],"line":101},"8":{"loc":{"start":{"line":102,"column":24},"end":{"line":102,"column":null}},"type":"cond-expr","locations":[{"start":{"line":102,"column":40},"end":{"line":102,"column":66}},{"start":{"line":102,"column":66},"end":{"line":102,"column":null}}],"line":102},"9":{"loc":{"start":{"line":107,"column":2},"end":{"line":107,"column":null}},"type":"if","locations":[{"start":{"line":107,"column":2},"end":{"line":107,"column":null}},{"start":{},"end":{}}],"line":107}},"s":{"0":0,"1":0,"2":0,"3":0,"4":0,"5":0,"6":0,"7":0,"8":0,"9":0,"10":0,"11":0,"12":0,"13":0,"14":0,"15":0,"16":0,"17":0,"18":0,"19":0,"20":0,"21":0,"22":0,"23":0,"24":0,"25":0,"26":0,"27":0,"28":0,"29":0,"30":0,"31":0,"32":0,"33":0,"34":0,"35":0,"36":0,"37":0,"38":0,"39":0,"40":0,"41":0,"42":0,"43":0,"44":0,"45":0,"46":0,"47":0,"48":0,"49":0,"50":0,"51":0,"52":0,"53":0,"54":0,"55":0,"56":0,"57":0,"58":0,"59":0,"60":0,"61":0},"f":{"0":0,"1":0,"2":0,"3":0,"4":0},"b":{"0":[0,0],"1":[0,0],"2":[0,0],"3":[0,0],"4":[0,0],"5":[0,0],"6":[0,0],"7":[0,0],"8":[0,0],"9":[0,0]},"meta":{"lastBranch":10,"lastFunction":5,"lastStatement":62,"seen":{"f:26:22:26:32":0,"s:27:19:27:54":0,"b:27:19:27:40:27:28:27:54":0,"s:28:21:28:Infinity":1,"s:29:2:87:Infinity":2,"s:30:4:30:Infinity":3,"s:31:16:31:50":4,"s:33:10:33:36":5,"s:34:4:34:Infinity":6,"s:36:33:36:61":7,"s:37:4:37:Infinity":8,"b:39:4:42:Infinity:undefined:undefined:undefined:undefined":1,"s:39:4:42:Infinity":9,"s:40:6:40:Infinity":10,"s:41:6:41:Infinity":11,"s:42:6:42:Infinity":12,"s:45:4:45:Infinity":13,"s:46:4:46:Infinity":14,"s:47:18:53:6":15,"b:49:10:52:Infinity:52:10:52:Infinity":2,"f:49:10:49:17":1,"s:50:12:50:Infinity":16,"s:54:4:54:Infinity":17,"b:56:4:62:Infinity:undefined:undefined:undefined:undefined":3,"s:56:4:62:Infinity":18,"s:57:6:57:Infinity":19,"s:58:6:58:Infinity":20,"s:59:6:59:Infinity":21,"s:60:6:60:Infinity":22,"s:61:6:61:Infinity":23,"s:62:6:62:Infinity":24,"s:65:20:65:47":25,"b:66:4:72:Infinity:undefined:undefined:undefined:undefined":4,"s:66:4:72:Infinity":26,"s:67:6:67:Infinity":27,"s:68:6:68:Infinity":28,"s:69:6:69:Infinity":29,"s:70:6:70:Infinity":30,"s:71:6:71:Infinity":31,"s:72:6:72:Infinity":32,"s:74:4:74:Infinity":33,"s:75:4:75:Infinity":34,"s:76:4:76:Infinity":35,"s:77:4:77:Infinity":36,"s:78:4:78:Infinity":37,"s:80:20:80:68":38,"b:80:43:80:57:80:57:80:68":5,"s:81:16:81:Infinity":39,"s:82:4:85:Infinity":40,"s:83:6:83:Infinity":41,"s:85:6:85:Infinity":42,"s:87:4:87:Infinity":43,"f:91:9:91:22":2,"s:92:15:92:57":44,"f:92:28:92:33":3,"s:92:39:92:55":45,"s:93:16:93:99":46,"s:95:6:95:37":47,"s:96:14:96:Infinity":48,"s:97:2:106:Infinity":49,"f:97:8:97:17":4,"s:98:14:98:35":50,"b:99:4:99:Infinity:undefined:undefined:undefined:undefined":6,"s:99:4:99:Infinity":51,"s:99:12:99:Infinity":52,"s:100:4:100:Infinity":53,"s:101:21:101:Infinity":54,"b:101:31:101:60:101:60:101:Infinity":7,"s:102:24:102:Infinity":55,"b:102:40:102:66:102:66:102:Infinity":8,"s:103:4:103:Infinity":56,"s:104:4:104:Infinity":57,"s:105:4:105:Infinity":58,"b:107:2:107:Infinity:undefined:undefined:undefined:undefined":9,"s:107:2:107:Infinity":59,"s:107:19:107:Infinity":60,"s:108:2:108:Infinity":61}}}
,"/Users/mikolaj/Desktop/Projects/pepper-bot/src/filter.ts": {"path":"/Users/mikolaj/Desktop/Projects/pepper-bot/src/filter.ts","statementMap":{"0":{"start":{"line":11,"column":16},"end":{"line":11,"column":56}},"1":{"start":{"line":12,"column":2},"end":{"line":12,"column":null}},"2":{"start":{"line":16,"column":2},"end":{"line":16,"column":null}},"3":{"start":{"line":19,"column":30},"end":{"line":19,"column":66}},"4":{"start":{"line":22,"column":2},"end":{"line":22,"column":null}},"5":{"start":{"line":25,"column":2},"end":{"line":25,"column":null}},"6":{"start":{"line":28,"column":2},"end":{"line":28,"column":null}},"7":{"start":{"line":31,"column":2},"end":{"line":31,"column":null}},"8":{"start":{"line":36,"column":15},"end":{"line":36,"column":30}},"9":{"start":{"line":37,"column":2},"end":{"line":37,"column":null}},"10":{"start":{"line":37,"column":29},"end":{"line":37,"column":null}},"11":{"start":{"line":39,"column":15},"end":{"line":39,"column":33}},"12":{"start":{"line":40,"column":2},"end":{"line":40,"column":null}},"13":{"start":{"line":40,"column":23},"end":{"line":40,"column":51}},"14":{"start":{"line":40,"column":54},"end":{"line":40,"column":null}},"15":{"start":{"line":42,"column":2},"end":{"line":42,"column":null}},"16":{"start":{"line":42,"column":43},"end":{"line":42,"column":null}},"17":{"start":{"line":43,"column":2},"end":{"line":43,"column":null}},"18":{"start":{"line":43,"column":41},"end":{"line":43,"column":null}},"19":{"start":{"line":45,"column":2},"end":{"line":46,"column":null}},"20":{"start":{"line":46,"column":4},"end":{"line":46,"column":null}},"21":{"start":{"line":49,"column":2},"end":{"line":49,"column":null}},"22":{"start":{"line":54,"column":2},"end":{"line":54,"column":null}},"23":{"start":{"line":54,"column":30},"end":{"line":54,"column":null}},"24":{"start":{"line":56,"column":25},"end":{"line":57,"column":null}},"25":{"start":{"line":60,"column":4},"end":{"line":60,"column":93}},"26":{"start":{"line":61,"column":17},"end":{"line":61,"column":81}},"27":{"start":{"line":63,"column":2},"end":{"line":63,"column":null}},"28":{"start":{"line":67,"column":2},"end":{"line":67,"column":null}},"29":{"start":{"line":70,"column":2},"end":{"line":70,"column":null}},"30":{"start":{"line":74,"column":2},"end":{"line":74,"column":null}},"31":{"start":{"line":79,"column":15},"end":{"line":79,"column":30}},"32":{"start":{"line":80,"column":2},"end":{"line":80,"column":null}},"33":{"start":{"line":80,"column":36},"end":{"line":80,"column":null}},"34":{"start":{"line":81,"column":2},"end":{"line":81,"column":null}},"35":{"start":{"line":86,"column":15},"end":{"line":86,"column":33}},"36":{"start":{"line":87,"column":2},"end":{"line":87,"column":null}},"37":{"start":{"line":87,"column":29},"end":{"line":87,"column":null}},"38":{"start":{"line":88,"column":2},"end":{"line":88,"column":null}},"39":{"start":{"line":88,"column":47},"end":{"line":88,"column":null}},"40":{"start":{"line":89,"column":2},"end":{"line":89,"column":null}},"41":{"start":{"line":89,"column":43},"end":{"line":89,"column":null}},"42":{"start":{"line":90,"column":2},"end":{"line":90,"column":null}},"43":{"start":{"line":95,"column":2},"end":{"line":104,"column":null}},"44":{"start":{"line":96,"column":4},"end":{"line":96,"column":null}},"45":{"start":{"line":96,"column":22},"end":{"line":96,"column":null}},"46":{"start":{"line":97,"column":4},"end":{"line":98,"column":null}},"47":{"start":{"line":98,"column":6},"end":{"line":98,"column":null}},"48":{"start":{"line":100,"column":17},"end":{"line":100,"column":35}},"49":{"start":{"line":101,"column":4},"end":{"line":101,"column":null}},"50":{"start":{"line":101,"column":25},"end":{"line":101,"column":60}},"51":{"start":{"line":101,"column":63},"end":{"line":101,"column":null}},"52":{"start":{"line":102,"column":4},"end":{"line":102,"column":null}},"53":{"start":{"line":102,"column":36},"end":{"line":102,"column":null}},"54":{"start":{"line":103,"column":4},"end":{"line":103,"column":null}},"55":{"start":{"line":111,"column":15},"end":{"line":111,"column":33}},"56":{"start":{"line":112,"column":2},"end":{"line":112,"column":null}},"57":{"start":{"line":112,"column":29},"end":{"line":112,"column":null}},"58":{"start":{"line":113,"column":2},"end":{"line":113,"column":null}},"59":{"start":{"line":113,"column":47},"end":{"line":113,"column":null}},"60":{"start":{"line":114,"column":2},"end":{"line":114,"column":null}},"61":{"start":{"line":114,"column":68},"end":{"line":114,"column":null}},"62":{"start":{"line":115,"column":2},"end":{"line":115,"column":null}},"63":{"start":{"line":120,"column":21},"end":{"line":120,"column":45}},"64":{"start":{"line":121,"column":15},"end":{"line":121,"column":33}},"65":{"start":{"line":122,"column":15},"end":{"line":122,"column":36}},"66":{"start":{"line":125,"column":2},"end":{"line":134,"column":null}},"67":{"start":{"line":126,"column":18},"end":{"line":126,"column":80}},"68":{"start":{"line":126,"column":42},"end":{"line":126,"column":79}},"69":{"start":{"line":127,"column":4},"end":{"line":127,"column":null}},"70":{"start":{"line":127,"column":16},"end":{"line":127,"column":null}},"71":{"start":{"line":128,"column":4},"end":{"line":128,"column":null}},"72":{"start":{"line":128,"column":49},"end":{"line":128,"column":null}},"73":{"start":{"line":130,"column":4},"end":{"line":131,"column":null}},"74":{"start":{"line":131,"column":6},"end":{"line":131,"column":null}},"75":{"start":{"line":133,"column":4},"end":{"line":134,"column":null}},"76":{"start":{"line":134,"column":6},"end":{"line":134,"column":null}},"77":{"start":{"line":139,"column":2},"end":{"line":142,"column":null}},"78":{"start":{"line":140,"column":24},"end":{"line":140,"column":81}},"79":{"start":{"line":140,"column":41},"end":{"line":140,"column":80}},"80":{"start":{"line":141,"column":4},"end":{"line":142,"column":null}},"81":{"start":{"line":142,"column":6},"end":{"line":142,"column":null}},"82":{"start":{"line":146,"column":2},"end":{"line":146,"column":null}}},"fnMap":{"0":{"name":"dealFullText","decl":{"start":{"line":10,"column":16},"end":{"line":10,"column":29}},"loc":{"start":{"line":10,"column":46},"end":{"line":12,"column":null}},"line":10},"1":{"name":"isBoardGameText","decl":{"start":{"line":30,"column":16},"end":{"line":30,"column":32}},"loc":{"start":{"line":30,"column":55},"end":{"line":31,"column":null}},"line":30},"2":{"name":"isVideoGameDeal","decl":{"start":{"line":35,"column":16},"end":{"line":35,"column":32}},"loc":{"start":{"line":35,"column":50},"end":{"line":49,"column":null}},"line":35},"3":{"name":"(anonymous_3)","decl":{"start":{"line":40,"column":11},"end":{"line":40,"column":17}},"loc":{"start":{"line":40,"column":23},"end":{"line":40,"column":51}},"line":40},"4":{"name":"isStandaloneConsoleControllerText","decl":{"start":{"line":53,"column":16},"end":{"line":53,"column":50}},"loc":{"start":{"line":53,"column":73},"end":{"line":63,"column":null}},"line":53},"5":{"name":"isIphoneAccessoryText","decl":{"start":{"line":69,"column":16},"end":{"line":69,"column":38}},"loc":{"start":{"line":69,"column":61},"end":{"line":70,"column":null}},"line":69},"6":{"name":"isIphone14ProMentioned","decl":{"start":{"line":73,"column":16},"end":{"line":73,"column":39}},"loc":{"start":{"line":73,"column":62},"end":{"line":74,"column":null}},"line":73},"7":{"name":"isExcludedIphoneAccessoryDeal","decl":{"start":{"line":78,"column":16},"end":{"line":78,"column":46}},"loc":{"start":{"line":78,"column":64},"end":{"line":81,"column":null}},"line":78},"8":{"name":"relevancePrefilterKeep","decl":{"start":{"line":85,"column":16},"end":{"line":85,"column":39}},"loc":{"start":{"line":85,"column":60},"end":{"line":90,"column":null}},"line":85},"9":{"name":"baseFilter","decl":{"start":{"line":94,"column":16},"end":{"line":94,"column":27}},"loc":{"start":{"line":94,"column":50},"end":{"line":104,"column":null}},"line":94},"10":{"name":"(anonymous_10)","decl":{"start":{"line":95,"column":15},"end":{"line":95,"column":23}},"loc":{"start":{"line":95,"column":29},"end":{"line":104,"column":null}},"line":95},"11":{"name":"(anonymous_11)","decl":{"start":{"line":101,"column":13},"end":{"line":101,"column":19}},"loc":{"start":{"line":101,"column":25},"end":{"line":101,"column":60}},"line":101},"12":{"name":"allowHeavyDiscountAlert","decl":{"start":{"line":110,"column":9},"end":{"line":110,"column":33}},"loc":{"start":{"line":110,"column":54},"end":{"line":115,"column":null}},"line":110},"13":{"name":"hunterMatch","decl":{"start":{"line":119,"column":16},"end":{"line":119,"column":28}},"loc":{"start":{"line":119,"column":76},"end":{"line":146,"column":null}},"line":119},"14":{"name":"(anonymous_14)","decl":{"start":{"line":126,"column":29},"end":{"line":126,"column":35}},"loc":{"start":{"line":126,"column":42},"end":{"line":126,"column":79}},"line":126},"15":{"name":"(anonymous_15)","decl":{"start":{"line":140,"column":29},"end":{"line":140,"column":35}},"loc":{"start":{"line":140,"column":41},"end":{"line":140,"column":80}},"line":140}},"branchMap":{"0":{"loc":{"start":{"line":37,"column":2},"end":{"line":37,"column":null}},"type":"if","locations":[{"start":{"line":37,"column":2},"end":{"line":37,"column":null}},{"start":{},"end":{}}],"line":37},"1":{"loc":{"start":{"line":39,"column":15},"end":{"line":39,"column":33}},"type":"binary-expr","locations":[{"start":{"line":39,"column":15},"end":{"line":39,"column":31}},{"start":{"line":39,"column":31},"end":{"line":39,"column":33}}],"line":39},"2":{"loc":{"start":{"line":40,"column":2},"end":{"line":40,"column":null}},"type":"if","locations":[{"start":{"line":40,"column":2},"end":{"line":40,"column":null}},{"start":{},"end":{}}],"line":40},"3":{"loc":{"start":{"line":42,"column":2},"end":{"line":42,"column":null}},"type":"if","locations":[{"start":{"line":42,"column":2},"end":{"line":42,"column":null}},{"start":{},"end":{}}],"line":42},"4":{"loc":{"start":{"line":43,"column":2},"end":{"line":43,"column":null}},"type":"if","locations":[{"start":{"line":43,"column":2},"end":{"line":43,"column":null}},{"start":{},"end":{}}],"line":43},"5":{"loc":{"start":{"line":45,"column":2},"end":{"line":46,"column":null}},"type":"if","locations":[{"start":{"line":45,"column":2},"end":{"line":46,"column":null}},{"start":{},"end":{}}],"line":45},"6":{"loc":{"start":{"line":45,"column":6},"end":{"line":45,"column":130}},"type":"binary-expr","locations":[{"start":{"line":45,"column":6},"end":{"line":45,"column":50}},{"start":{"line":45,"column":54},"end":{"line":45,"column":130}}],"line":45},"7":{"loc":{"start":{"line":54,"column":2},"end":{"line":54,"column":null}},"type":"if","locations":[{"start":{"line":54,"column":2},"end":{"line":54,"column":null}},{"start":{},"end":{}}],"line":54},"8":{"loc":{"start":{"line":63,"column":9},"end":{"line":63,"column":null}},"type":"binary-expr","locations":[{"start":{"line":63,"column":9},"end":{"line":63,"column":27}},{"start":{"line":63,"column":27},"end":{"line":63,"column":40}},{"start":{"line":63,"column":40},"end":{"line":63,"column":null}}],"line":63},"9":{"loc":{"start":{"line":70,"column":9},"end":{"line":70,"column":69}},"type":"binary-expr","locations":[{"start":{"line":70,"column":9},"end":{"line":70,"column":33}},{"start":{"line":70,"column":37},"end":{"line":70,"column":69}}],"line":70},"10":{"loc":{"start":{"line":80,"column":2},"end":{"line":80,"column":null}},"type":"if","locations":[{"start":{"line":80,"column":2},"end":{"line":80,"column":null}},{"start":{},"end":{}}],"line":80},"11":{"loc":{"start":{"line":87,"column":2},"end":{"line":87,"column":null}},"type":"if","locations":[{"start":{"line":87,"column":2},"end":{"line":87,"column":null}},{"start":{},"end":{}}],"line":87},"12":{"loc":{"start":{"line":88,"column":2},"end":{"line":88,"column":null}},"type":"if","locations":[{"start":{"line":88,"column":2},"end":{"line":88,"column":null}},{"start":{},"end":{}}],"line":88},"13":{"loc":{"start":{"line":89,"column":2},"end":{"line":89,"column":null}},"type":"if","locations":[{"start":{"line":89,"column":2},"end":{"line":89,"column":null}},{"start":{},"end":{}}],"line":89},"14":{"loc":{"start":{"line":96,"column":4},"end":{"line":96,"column":null}},"type":"if","locations":[{"start":{"line":96,"column":4},"end":{"line":96,"column":null}},{"start":{},"end":{}}],"line":96},"15":{"loc":{"start":{"line":97,"column":4},"end":{"line":98,"column":null}},"type":"if","locations":[{"start":{"line":97,"column":4},"end":{"line":98,"column":null}},{"start":{},"end":{}}],"line":97},"16":{"loc":{"start":{"line":97,"column":8},"end":{"line":97,"column":98}},"type":"binary-expr","locations":[{"start":{"line":97,"column":8},"end":{"line":97,"column":31}},{"start":{"line":97,"column":31},"end":{"line":97,"column":64}},{"start":{"line":97,"column":64},"end":{"line":97,"column":98}}],"line":97},"17":{"loc":{"start":{"line":100,"column":17},"end":{"line":100,"column":35}},"type":"binary-expr","locations":[{"start":{"line":100,"column":17},"end":{"line":100,"column":33}},{"start":{"line":100,"column":33},"end":{"line":100,"column":35}}],"line":100},"18":{"loc":{"start":{"line":101,"column":4},"end":{"line":101,"column":null}},"type":"if","locations":[{"start":{"line":101,"column":4},"end":{"line":101,"column":null}},{"start":{},"end":{}}],"line":101},"19":{"loc":{"start":{"line":102,"column":4},"end":{"line":102,"column":null}},"type":"if","locations":[{"start":{"line":102,"column":4},"end":{"line":102,"column":null}},{"start":{},"end":{}}],"line":102},"20":{"loc":{"start":{"line":112,"column":2},"end":{"line":112,"column":null}},"type":"if","locations":[{"start":{"line":112,"column":2},"end":{"line":112,"column":null}},{"start":{},"end":{}}],"line":112},"21":{"loc":{"start":{"line":113,"column":2},"end":{"line":113,"column":null}},"type":"if","locations":[{"start":{"line":113,"column":2},"end":{"line":113,"column":null}},{"start":{},"end":{}}],"line":113},"22":{"loc":{"start":{"line":114,"column":2},"end":{"line":114,"column":null}},"type":"if","locations":[{"start":{"line":114,"column":2},"end":{"line":114,"column":null}},{"start":{},"end":{}}],"line":114},"23":{"loc":{"start":{"line":114,"column":6},"end":{"line":114,"column":66}},"type":"binary-expr","locations":[{"start":{"line":114,"column":6},"end":{"line":114,"column":33}},{"start":{"line":114,"column":37},"end":{"line":114,"column":66}}],"line":114},"24":{"loc":{"start":{"line":122,"column":15},"end":{"line":122,"column":36}},"type":"binary-expr","locations":[{"start":{"line":122,"column":15},"end":{"line":122,"column":34}},{"start":{"line":122,"column":34},"end":{"line":122,"column":36}}],"line":122},"25":{"loc":{"start":{"line":127,"column":4},"end":{"line":127,"column":null}},"type":"if","locations":[{"start":{"line":127,"column":4},"end":{"line":127,"column":null}},{"start":{},"end":{}}],"line":127},"26":{"loc":{"start":{"line":128,"column":4},"end":{"line":128,"column":null}},"type":"if","locations":[{"start":{"line":128,"column":4},"end":{"line":128,"column":null}},{"start":{},"end":{}}],"line":128},"27":{"loc":{"start":{"line":130,"column":4},"end":{"line":131,"column":null}},"type":"if","locations":[{"start":{"line":130,"column":4},"end":{"line":131,"column":null}},{"start":{},"end":{}}],"line":130},"28":{"loc":{"start":{"line":133,"column":4},"end":{"line":134,"column":null}},"type":"if","locations":[{"start":{"line":133,"column":4},"end":{"line":134,"column":null}},{"start":{},"end":{}}],"line":133},"29":{"loc":{"start":{"line":133,"column":8},"end":{"line":133,"column":85}},"type":"binary-expr","locations":[{"start":{"line":133,"column":8},"end":{"line":133,"column":31}},{"start":{"line":133,"column":31},"end":{"line":133,"column":59}},{"start":{"line":133,"column":59},"end":{"line":133,"column":85}}],"line":133},"30":{"loc":{"start":{"line":139,"column":2},"end":{"line":142,"column":null}},"type":"if","locations":[{"start":{"line":139,"column":2},"end":{"line":142,"column":null}},{"start":{},"end":{}}],"line":139},"31":{"loc":{"start":{"line":139,"column":6},"end":{"line":139,"column":72}},"type":"binary-expr","locations":[{"start":{"line":139,"column":6},"end":{"line":139,"column":26}},{"start":{"line":139,"column":26},"end":{"line":139,"column":72}}],"line":139},"32":{"loc":{"start":{"line":141,"column":4},"end":{"line":142,"column":null}},"type":"if","locations":[{"start":{"line":141,"column":4},"end":{"line":142,"column":null}},{"start":{},"end":{}}],"line":141},"33":{"loc":{"start":{"line":141,"column":8},"end":{"line":141,"column":53}},"type":"binary-expr","locations":[{"start":{"line":141,"column":8},"end":{"line":141,"column":24}},{"start":{"line":141,"column":24},"end":{"line":141,"column":53}}],"line":141}},"s":{"0":25,"1":25,"2":1,"3":1,"4":1,"5":1,"6":1,"7":10,"8":9,"9":9,"10":1,"11":8,"12":9,"13":4,"14":3,"15":5,"16":1,"17":4,"18":0,"19":4,"20":0,"21":4,"22":8,"23":1,"24":7,"25":7,"26":7,"27":7,"28":1,"29":5,"30":2,"31":4,"32":4,"33":2,"34":2,"35":4,"36":4,"37":2,"38":2,"39":0,"40":2,"41":0,"42":2,"43":5,"44":5,"45":1,"46":4,"47":1,"48":3,"49":5,"50":2,"51":1,"52":2,"53":1,"54":1,"55":1,"56":1,"57":0,"58":1,"59":0,"60":1,"61":0,"62":1,"63":4,"64":4,"65":4,"66":4,"67":4,"68":4,"69":4,"70":2,"71":2,"72":2,"73":1,"74":1,"75":0,"76":0,"77":3,"78":2,"79":2,"80":2,"81":1,"82":2},"f":{"0":25,"1":10,"2":9,"3":4,"4":8,"5":5,"6":2,"7":4,"8":4,"9":5,"10":5,"11":2,"12":1,"13":4,"14":4,"15":2},"b":{"0":[1,8],"1":[8,4],"2":[3,6],"3":[1,4],"4":[0,4],"5":[0,4],"6":[4,0],"7":[1,7],"8":[7,3,3],"9":[5,2],"10":[2,2],"11":[2,2],"12":[0,2],"13":[0,2],"14":[1,4],"15":[1,3],"16":[4,4,2],"17":[3,1],"18":[1,4],"19":[1,1],"20":[0,1],"21":[0,1],"22":[0,1],"23":[1,0],"24":[4,2],"25":[2,2],"26":[1,1],"27":[1,0],"28":[0,0],"29":[0,0,0],"30":[2,1],"31":[3,2],"32":[1,1],"33":[2,1]},"meta":{"lastBranch":34,"lastFunction":16,"lastStatement":83,"seen":{"f:10:16:10:29":0,"s:11:16:11:56":0,"s:12:2:12:Infinity":1,"s:16:2:16:Infinity":2,"s:19:30:19:66":3,"s:22:2:22:Infinity":4,"s:25:2:25:Infinity":5,"s:28:2:28:Infinity":6,"f:30:16:30:32":1,"s:31:2:31:Infinity":7,"f:35:16:35:32":2,"s:36:15:36:30":8,"b:37:2:37:Infinity:undefined:undefined:undefined:undefined":0,"s:37:2:37:Infinity":9,"s:37:29:37:Infinity":10,"s:39:15:39:33":11,"b:39:15:39:31:39:31:39:33":1,"b:40:2:40:Infinity:undefined:undefined:undefined:undefined":2,"s:40:2:40:Infinity":12,"f:40:11:40:17":3,"s:40:23:40:51":13,"s:40:54:40:Infinity":14,"b:42:2:42:Infinity:undefined:undefined:undefined:undefined":3,"s:42:2:42:Infinity":15,"s:42:43:42:Infinity":16,"b:43:2:43:Infinity:undefined:undefined:undefined:undefined":4,"s:43:2:43:Infinity":17,"s:43:41:43:Infinity":18,"b:45:2:46:Infinity:undefined:undefined:undefined:undefined":5,"s:45:2:46:Infinity":19,"b:45:6:45:50:45:54:45:130":6,"s:46:4:46:Infinity":20,"s:49:2:49:Infinity":21,"f:53:16:53:50":4,"b:54:2:54:Infinity:undefined:undefined:undefined:undefined":7,"s:54:2:54:Infinity":22,"s:54:30:54:Infinity":23,"s:56:25:57:Infinity":24,"s:60:4:60:93":25,"s:61:17:61:81":26,"s:63:2:63:Infinity":27,"b:63:9:63:27:63:27:63:40:63:40:63:Infinity":8,"s:67:2:67:Infinity":28,"f:69:16:69:38":5,"s:70:2:70:Infinity":29,"b:70:9:70:33:70:37:70:69":9,"f:73:16:73:39":6,"s:74:2:74:Infinity":30,"f:78:16:78:46":7,"s:79:15:79:30":31,"b:80:2:80:Infinity:undefined:undefined:undefined:undefined":10,"s:80:2:80:Infinity":32,"s:80:36:80:Infinity":33,"s:81:2:81:Infinity":34,"f:85:16:85:39":8,"s:86:15:86:33":35,"b:87:2:87:Infinity:undefined:undefined:undefined:undefined":11,"s:87:2:87:Infinity":36,"s:87:29:87:Infinity":37,"b:88:2:88:Infinity:undefined:undefined:undefined:undefined":12,"s:88:2:88:Infinity":38,"s:88:47:88:Infinity":39,"b:89:2:89:Infinity:undefined:undefined:undefined:undefined":13,"s:89:2:89:Infinity":40,"s:89:43:89:Infinity":41,"s:90:2:90:Infinity":42,"f:94:16:94:27":9,"s:95:2:104:Infinity":43,"f:95:15:95:23":10,"b:96:4:96:Infinity:undefined:undefined:undefined:undefined":14,"s:96:4:96:Infinity":44,"s:96:22:96:Infinity":45,"b:97:4:98:Infinity:undefined:undefined:undefined:undefined":15,"s:97:4:98:Infinity":46,"b:97:8:97:31:97:31:97:64:97:64:97:98":16,"s:98:6:98:Infinity":47,"s:100:17:100:35":48,"b:100:17:100:33:100:33:100:35":17,"b:101:4:101:Infinity:undefined:undefined:undefined:undefined":18,"s:101:4:101:Infinity":49,"f:101:13:101:19":11,"s:101:25:101:60":50,"s:101:63:101:Infinity":51,"b:102:4:102:Infinity:undefined:undefined:undefined:undefined":19,"s:102:4:102:Infinity":52,"s:102:36:102:Infinity":53,"s:103:4:103:Infinity":54,"f:110:9:110:33":12,"s:111:15:111:33":55,"b:112:2:112:Infinity:undefined:undefined:undefined:undefined":20,"s:112:2:112:Infinity":56,"s:112:29:112:Infinity":57,"b:113:2:113:Infinity:undefined:undefined:undefined:undefined":21,"s:113:2:113:Infinity":58,"s:113:47:113:Infinity":59,"b:114:2:114:Infinity:undefined:undefined:undefined:undefined":22,"s:114:2:114:Infinity":60,"b:114:6:114:33:114:37:114:66":23,"s:114:68:114:Infinity":61,"s:115:2:115:Infinity":62,"f:119:16:119:28":13,"s:120:21:120:45":63,"s:121:15:121:33":64,"s:122:15:122:36":65,"b:122:15:122:34:122:34:122:36":24,"s:125:2:134:Infinity":66,"s:126:18:126:80":67,"f:126:29:126:35":14,"s:126:42:126:79":68,"b:127:4:127:Infinity:undefined:undefined:undefined:undefined":25,"s:127:4:127:Infinity":69,"s:127:16:127:Infinity":70,"b:128:4:128:Infinity:undefined:undefined:undefined:undefined":26,"s:128:4:128:Infinity":71,"s:128:49:128:Infinity":72,"b:130:4:131:Infinity:undefined:undefined:undefined:undefined":27,"s:130:4:131:Infinity":73,"s:131:6:131:Infinity":74,"b:133:4:134:Infinity:undefined:undefined:undefined:undefined":28,"s:133:4:134:Infinity":75,"b:133:8:133:31:133:31:133:59:133:59:133:85":29,"s:134:6:134:Infinity":76,"b:139:2:142:Infinity:undefined:undefined:undefined:undefined":30,"s:139:2:142:Infinity":77,"b:139:6:139:26:139:26:139:72":31,"s:140:24:140:81":78,"f:140:29:140:35":15,"s:140:41:140:80":79,"b:141:4:142:Infinity:undefined:undefined:undefined:undefined":32,"s:141:4:142:Infinity":80,"b:141:8:141:24:141:24:141:53":33,"s:142:6:142:Infinity":81,"s:146:2:146:Infinity":82}}}
,"/Users/mikolaj/Desktop/Projects/pepper-bot/src/hunter.ts": {"path":"/Users/mikolaj/Desktop/Projects/pepper-bot/src/hunter.ts","statementMap":{"0":{"start":{"line":14,"column":26},"end":{"line":14,"column":null}},"1":{"start":{"line":24,"column":19},"end":{"line":24,"column":54}},"2":{"start":{"line":25,"column":21},"end":{"line":25,"column":null}},"3":{"start":{"line":26,"column":2},"end":{"line":70,"column":null}},"4":{"start":{"line":27,"column":4},"end":{"line":27,"column":null}},"5":{"start":{"line":28,"column":16},"end":{"line":28,"column":50}},"6":{"start":{"line":30,"column":10},"end":{"line":30,"column":36}},"7":{"start":{"line":31,"column":4},"end":{"line":31,"column":null}},"8":{"start":{"line":33,"column":33},"end":{"line":33,"column":61}},"9":{"start":{"line":34,"column":4},"end":{"line":34,"column":null}},"10":{"start":{"line":36,"column":56},"end":{"line":36,"column":58}},"11":{"start":{"line":37,"column":4},"end":{"line":39,"column":null}},"12":{"start":{"line":38,"column":12},"end":{"line":38,"column":30}},"13":{"start":{"line":39,"column":6},"end":{"line":39,"column":null}},"14":{"start":{"line":39,"column":19},"end":{"line":39,"column":null}},"15":{"start":{"line":42,"column":4},"end":{"line":46,"column":null}},"16":{"start":{"line":43,"column":6},"end":{"line":43,"column":null}},"17":{"start":{"line":44,"column":6},"end":{"line":44,"column":null}},"18":{"start":{"line":45,"column":6},"end":{"line":45,"column":null}},"19":{"start":{"line":46,"column":6},"end":{"line":46,"column":null}},"20":{"start":{"line":49,"column":4},"end":{"line":49,"column":null}},"21":{"start":{"line":50,"column":4},"end":{"line":51,"column":null}},"22":{"start":{"line":51,"column":6},"end":{"line":51,"column":null}},"23":{"start":{"line":53,"column":4},"end":{"line":53,"column":null}},"24":{"start":{"line":54,"column":4},"end":{"line":54,"column":null}},"25":{"start":{"line":55,"column":4},"end":{"line":55,"column":null}},"26":{"start":{"line":58,"column":4},"end":{"line":58,"column":null}},"27":{"start":{"line":59,"column":19},"end":{"line":59,"column":67}},"28":{"start":{"line":60,"column":4},"end":{"line":60,"column":null}},"29":{"start":{"line":61,"column":4},"end":{"line":66,"column":null}},"30":{"start":{"line":62,"column":6},"end":{"line":66,"column":null}},"31":{"start":{"line":63,"column":8},"end":{"line":65,"column":null}},"32":{"start":{"line":70,"column":4},"end":{"line":70,"column":null}},"33":{"start":{"line":75,"column":19},"end":{"line":75,"column":null}},"34":{"start":{"line":76,"column":22},"end":{"line":76,"column":null}},"35":{"start":{"line":77,"column":2},"end":{"line":80,"column":null}}},"fnMap":{"0":{"name":"runHunter","decl":{"start":{"line":23,"column":22},"end":{"line":23,"column":32}},"loc":{"start":{"line":23,"column":75},"end":{"line":70,"column":null}},"line":23},"1":{"name":"formatAlert","decl":{"start":{"line":74,"column":9},"end":{"line":74,"column":21}},"loc":{"start":{"line":74,"column":57},"end":{"line":80,"column":null}},"line":74}},"branchMap":{"0":{"loc":{"start":{"line":24,"column":19},"end":{"line":24,"column":54}},"type":"binary-expr","locations":[{"start":{"line":24,"column":19},"end":{"line":24,"column":40}},{"start":{"line":24,"column":28},"end":{"line":24,"column":54}}],"line":24},"1":{"loc":{"start":{"line":39,"column":6},"end":{"line":39,"column":null}},"type":"if","locations":[{"start":{"line":39,"column":6},"end":{"line":39,"column":null}},{"start":{},"end":{}}],"line":39},"2":{"loc":{"start":{"line":42,"column":4},"end":{"line":46,"column":null}},"type":"if","locations":[{"start":{"line":42,"column":4},"end":{"line":46,"column":null}},{"start":{},"end":{}}],"line":42},"3":{"loc":{"start":{"line":59,"column":19},"end":{"line":59,"column":67}},"type":"cond-expr","locations":[{"start":{"line":59,"column":42},"end":{"line":59,"column":56}},{"start":{"line":59,"column":56},"end":{"line":59,"column":67}}],"line":59},"4":{"loc":{"start":{"line":61,"column":4},"end":{"line":66,"column":null}},"type":"if","locations":[{"start":{"line":61,"column":4},"end":{"line":66,"column":null}},{"start":{},"end":{}}],"line":61},"5":{"loc":{"start":{"line":75,"column":19},"end":{"line":75,"column":null}},"type":"cond-expr","locations":[{"start":{"line":75,"column":32},"end":{"line":75,"column":64}},{"start":{"line":75,"column":64},"end":{"line":75,"column":null}}],"line":75},"6":{"loc":{"start":{"line":76,"column":22},"end":{"line":76,"column":null}},"type":"cond-expr","locations":[{"start":{"line":76,"column":41},"end":{"line":76,"column":70}},{"start":{"line":76,"column":70},"end":{"line":76,"column":null}}],"line":76}},"s":{"0":0,"1":0,"2":0,"3":0,"4":0,"5":0,"6":0,"7":0,"8":0,"9":0,"10":0,"11":0,"12":0,"13":0,"14":0,"15":0,"16":0,"17":0,"18":0,"19":0,"20":0,"21":0,"22":0,"23":0,"24":0,"25":0,"26":0,"27":0,"28":0,"29":0,"30":0,"31":0,"32":0,"33":0,"34":0,"35":0},"f":{"0":0,"1":0},"b":{"0":[0,0],"1":[0,0],"2":[0,0],"3":[0,0],"4":[0,0],"5":[0,0],"6":[0,0]},"meta":{"lastBranch":7,"lastFunction":2,"lastStatement":36,"seen":{"s:14:26:14:Infinity":0,"f:23:22:23:32":0,"s:24:19:24:54":1,"b:24:19:24:40:24:28:24:54":0,"s:25:21:25:Infinity":2,"s:26:2:70:Infinity":3,"s:27:4:27:Infinity":4,"s:28:16:28:50":5,"s:30:10:30:36":6,"s:31:4:31:Infinity":7,"s:33:33:33:61":8,"s:34:4:34:Infinity":9,"s:36:56:36:58":10,"s:37:4:39:Infinity":11,"s:38:12:38:30":12,"b:39:6:39:Infinity:undefined:undefined:undefined:undefined":1,"s:39:6:39:Infinity":13,"s:39:19:39:Infinity":14,"b:42:4:46:Infinity:undefined:undefined:undefined:undefined":2,"s:42:4:46:Infinity":15,"s:43:6:43:Infinity":16,"s:44:6:44:Infinity":17,"s:45:6:45:Infinity":18,"s:46:6:46:Infinity":19,"s:49:4:49:Infinity":20,"s:50:4:51:Infinity":21,"s:51:6:51:Infinity":22,"s:53:4:53:Infinity":23,"s:54:4:54:Infinity":24,"s:55:4:55:Infinity":25,"s:58:4:58:Infinity":26,"s:59:19:59:67":27,"b:59:42:59:56:59:56:59:67":3,"s:60:4:60:Infinity":28,"b:61:4:66:Infinity:undefined:undefined:undefined:undefined":4,"s:61:4:66:Infinity":29,"s:62:6:66:Infinity":30,"s:63:8:65:Infinity":31,"s:70:4:70:Infinity":32,"f:74:9:74:21":1,"s:75:19:75:Infinity":33,"b:75:32:75:64:75:64:75:Infinity":5,"s:76:22:76:Infinity":34,"b:76:41:76:70:76:70:76:Infinity":6,"s:77:2:80:Infinity":35}}}
,"/Users/mikolaj/Desktop/Projects/pepper-bot/src/llm.ts": {"path":"/Users/mikolaj/Desktop/Projects/pepper-bot/src/llm.ts","statementMap":{"0":{"start":{"line":16,"column":17},"end":{"line":16,"column":null}},"1":{"start":{"line":17,"column":24},"end":{"line":17,"column":null}},"2":{"start":{"line":18,"column":18},"end":{"line":18,"column":null}},"3":{"start":{"line":19,"column":24},"end":{"line":19,"column":null}},"4":{"start":{"line":20,"column":22},"end":{"line":20,"column":null}},"5":{"start":{"line":21,"column":19},"end":{"line":21,"column":null}},"6":{"start":{"line":24,"column":2},"end":{"line":24,"column":null}},"7":{"start":{"line":24,"column":28},"end":{"line":24,"column":45}},"8":{"start":{"line":28,"column":19},"end":{"line":28,"column":null}},"9":{"start":{"line":29,"column":18},"end":{"line":29,"column":null}},"10":{"start":{"line":30,"column":18},"end":{"line":30,"column":56}},"11":{"start":{"line":31,"column":17},"end":{"line":31,"column":36}},"12":{"start":{"line":32,"column":2},"end":{"line":32,"column":null}},"13":{"start":{"line":36,"column":2},"end":{"line":36,"column":null}},"14":{"start":{"line":36,"column":12},"end":{"line":36,"column":null}},"15":{"start":{"line":37,"column":18},"end":{"line":37,"column":49}},"16":{"start":{"line":38,"column":2},"end":{"line":38,"column":null}},"17":{"start":{"line":38,"column":16},"end":{"line":38,"column":null}},"18":{"start":{"line":39,"column":2},"end":{"line":39,"column":null}},"19":{"start":{"line":39,"column":32},"end":{"line":39,"column":null}},"20":{"start":{"line":40,"column":2},"end":{"line":40,"column":null}},"21":{"start":{"line":44,"column":15},"end":{"line":44,"column":32}},"22":{"start":{"line":45,"column":24},"end":{"line":45,"column":26}},"23":{"start":{"line":46,"column":2},"end":{"line":49,"column":null}},"24":{"start":{"line":47,"column":4},"end":{"line":47,"column":null}},"25":{"start":{"line":47,"column":29},"end":{"line":47,"column":null}},"26":{"start":{"line":48,"column":4},"end":{"line":48,"column":null}},"27":{"start":{"line":49,"column":4},"end":{"line":49,"column":null}},"28":{"start":{"line":51,"column":2},"end":{"line":51,"column":null}},"29":{"start":{"line":58,"column":17},"end":{"line":58,"column":66}},"30":{"start":{"line":59,"column":2},"end":{"line":59,"column":null}},"31":{"start":{"line":61,"column":19},"end":{"line":61,"column":55}},"32":{"start":{"line":62,"column":22},"end":{"line":62,"column":67}},"33":{"start":{"line":63,"column":18},"end":{"line":63,"column":96}},"34":{"start":{"line":63,"column":66},"end":{"line":63,"column":74}},"35":{"start":{"line":65,"column":2},"end":{"line":66,"column":null}},"36":{"start":{"line":66,"column":4},"end":{"line":66,"column":null}},"37":{"start":{"line":69,"column":2},"end":{"line":72,"column":null}},"38":{"start":{"line":70,"column":4},"end":{"line":72,"column":null}},"39":{"start":{"line":75,"column":2},"end":{"line":75,"column":null}},"40":{"start":{"line":79,"column":2},"end":{"line":79,"column":null}},"41":{"start":{"line":83,"column":2},"end":{"line":83,"column":null}},"42":{"start":{"line":89,"column":21},"end":{"line":89,"column":null}},"43":{"start":{"line":90,"column":17},"end":{"line":90,"column":null}},"44":{"start":{"line":91,"column":2},"end":{"line":91,"column":null}},"45":{"start":{"line":91,"column":15},"end":{"line":91,"column":null}},"46":{"start":{"line":93,"column":2},"end":{"line":93,"column":null}},"47":{"start":{"line":94,"column":17},"end":{"line":94,"column":60}},"48":{"start":{"line":96,"column":18},"end":{"line":105,"column":5}},"49":{"start":{"line":96,"column":77},"end":{"line":105,"column":5}},"50":{"start":{"line":107,"column":15},"end":{"line":113,"column":null}},"51":{"start":{"line":117,"column":18},"end":{"line":117,"column":null}},"52":{"start":{"line":119,"column":15},"end":{"line":126,"column":null}},"53":{"start":{"line":128,"column":22},"end":{"line":128,"column":null}},"54":{"start":{"line":130,"column":2},"end":{"line":172,"column":null}},"55":{"start":{"line":131,"column":4},"end":{"line":172,"column":null}},"56":{"start":{"line":131,"column":23},"end":{"line":131,"column":26}},"57":{"start":{"line":132,"column":6},"end":{"line":134,"column":null}},"58":{"start":{"line":135,"column":18},"end":{"line":144,"column":8}},"59":{"start":{"line":146,"column":6},"end":{"line":150,"column":null}},"60":{"start":{"line":147,"column":30},"end":{"line":147,"column":46}},"61":{"start":{"line":148,"column":8},"end":{"line":148,"column":null}},"62":{"start":{"line":149,"column":8},"end":{"line":149,"column":null}},"63":{"start":{"line":150,"column":8},"end":{"line":150,"column":null}},"64":{"start":{"line":153,"column":22},"end":{"line":153,"column":38}},"65":{"start":{"line":154,"column":6},"end":{"line":154,"column":null}},"66":{"start":{"line":156,"column":6},"end":{"line":163,"column":null}},"67":{"start":{"line":157,"column":23},"end":{"line":157,"column":null}},"68":{"start":{"line":158,"column":8},"end":{"line":160,"column":null}},"69":{"start":{"line":161,"column":8},"end":{"line":161,"column":null}},"70":{"start":{"line":162,"column":8},"end":{"line":162,"column":null}},"71":{"start":{"line":163,"column":8},"end":{"line":163,"column":null}},"72":{"start":{"line":166,"column":6},"end":{"line":169,"column":null}},"73":{"start":{"line":167,"column":8},"end":{"line":167,"column":null}},"74":{"start":{"line":168,"column":8},"end":{"line":168,"column":null}},"75":{"start":{"line":169,"column":8},"end":{"line":169,"column":null}},"76":{"start":{"line":172,"column":6},"end":{"line":172,"column":null}},"77":{"start":{"line":176,"column":2},"end":{"line":176,"column":null}}},"fnMap":{"0":{"name":"sleep","decl":{"start":{"line":23,"column":9},"end":{"line":23,"column":15}},"loc":{"start":{"line":23,"column":42},"end":{"line":24,"column":null}},"line":23},"1":{"name":"(anonymous_1)","decl":{"start":{"line":24,"column":13},"end":{"line":24,"column":22}},"loc":{"start":{"line":24,"column":28},"end":{"line":24,"column":45}},"line":24},"2":{"name":"parsePicksFromJson","decl":{"start":{"line":27,"column":9},"end":{"line":27,"column":28}},"loc":{"start":{"line":27,"column":51},"end":{"line":32,"column":null}},"line":27},"3":{"name":"clipDealDescription","decl":{"start":{"line":35,"column":9},"end":{"line":35,"column":29}},"loc":{"start":{"line":35,"column":90},"end":{"line":40,"column":null}},"line":35},"4":{"name":"dedupeIds","decl":{"start":{"line":43,"column":9},"end":{"line":43,"column":19}},"loc":{"start":{"line":43,"column":44},"end":{"line":51,"column":null}},"line":43},"5":{"name":"buildModelCascade","decl":{"start":{"line":54,"column":15},"end":{"line":54,"column":null}},"loc":{"start":{"line":57,"column":21},"end":{"line":75,"column":null}},"line":57},"6":{"name":"(anonymous_6)","decl":{"start":{"line":63,"column":55},"end":{"line":63,"column":60}},"loc":{"start":{"line":63,"column":66},"end":{"line":63,"column":74}},"line":63},"7":{"name":"shouldRetryThisModel","decl":{"start":{"line":78,"column":9},"end":{"line":78,"column":30}},"loc":{"start":{"line":78,"column":55},"end":{"line":79,"column":null}},"line":78},"8":{"name":"shouldTryNextModel","decl":{"start":{"line":82,"column":9},"end":{"line":82,"column":28}},"loc":{"start":{"line":82,"column":53},"end":{"line":83,"column":null}},"line":82},"9":{"name":"pickTop5","decl":{"start":{"line":88,"column":22},"end":{"line":88,"column":31}},"loc":{"start":{"line":88,"column":103},"end":{"line":176,"column":null}},"line":88},"10":{"name":"(anonymous_10)","decl":{"start":{"line":96,"column":65},"end":{"line":96,"column":70}},"loc":{"start":{"line":96,"column":77},"end":{"line":105,"column":5}},"line":96}},"branchMap":{"0":{"loc":{"start":{"line":29,"column":18},"end":{"line":29,"column":null}},"type":"binary-expr","locations":[{"start":{"line":29,"column":18},"end":{"line":29,"column":52}},{"start":{"line":29,"column":52},"end":{"line":29,"column":null}}],"line":29},"1":{"loc":{"start":{"line":32,"column":9},"end":{"line":32,"column":87}},"type":"cond-expr","locations":[{"start":{"line":32,"column":39},"end":{"line":32,"column":82}},{"start":{"line":32,"column":85},"end":{"line":32,"column":87}}],"line":32},"2":{"loc":{"start":{"line":36,"column":2},"end":{"line":36,"column":null}},"type":"if","locations":[{"start":{"line":36,"column":2},"end":{"line":36,"column":null}},{"start":{},"end":{}}],"line":36},"3":{"loc":{"start":{"line":38,"column":2},"end":{"line":38,"column":null}},"type":"if","locations":[{"start":{"line":38,"column":2},"end":{"line":38,"column":null}},{"start":{},"end":{}}],"line":38},"4":{"loc":{"start":{"line":39,"column":2},"end":{"line":39,"column":null}},"type":"if","locations":[{"start":{"line":39,"column":2},"end":{"line":39,"column":null}},{"start":{},"end":{}}],"line":39},"5":{"loc":{"start":{"line":47,"column":4},"end":{"line":47,"column":null}},"type":"if","locations":[{"start":{"line":47,"column":4},"end":{"line":47,"column":null}},{"start":{},"end":{}}],"line":47},"6":{"loc":{"start":{"line":47,"column":8},"end":{"line":47,"column":27}},"type":"binary-expr","locations":[{"start":{"line":47,"column":8},"end":{"line":47,"column":15}},{"start":{"line":47,"column":15},"end":{"line":47,"column":27}}],"line":47},"7":{"loc":{"start":{"line":63,"column":18},"end":{"line":63,"column":96}},"type":"cond-expr","locations":[{"start":{"line":63,"column":32},"end":{"line":63,"column":91}},{"start":{"line":63,"column":94},"end":{"line":63,"column":96}}],"line":63},"8":{"loc":{"start":{"line":65,"column":2},"end":{"line":66,"column":null}},"type":"if","locations":[{"start":{"line":65,"column":2},"end":{"line":66,"column":null}},{"start":{},"end":{}}],"line":65},"9":{"loc":{"start":{"line":65,"column":6},"end":{"line":65,"column":52}},"type":"binary-expr","locations":[{"start":{"line":65,"column":6},"end":{"line":65,"column":18}},{"start":{"line":65,"column":18},"end":{"line":65,"column":52}}],"line":65},"10":{"loc":{"start":{"line":69,"column":2},"end":{"line":72,"column":null}},"type":"if","locations":[{"start":{"line":69,"column":2},"end":{"line":72,"column":null}},{"start":{},"end":{}}],"line":69},"11":{"loc":{"start":{"line":69,"column":6},"end":{"line":69,"column":51}},"type":"binary-expr","locations":[{"start":{"line":69,"column":6},"end":{"line":69,"column":18}},{"start":{"line":69,"column":6},"end":{"line":69,"column":51}}],"line":69},"12":{"loc":{"start":{"line":79,"column":9},"end":{"line":79,"column":null}},"type":"binary-expr","locations":[{"start":{"line":79,"column":9},"end":{"line":79,"column":27}},{"start":{"line":79,"column":27},"end":{"line":79,"column":45}},{"start":{"line":79,"column":45},"end":{"line":79,"column":null}}],"line":79},"13":{"loc":{"start":{"line":83,"column":9},"end":{"line":83,"column":null}},"type":"binary-expr","locations":[{"start":{"line":83,"column":9},"end":{"line":83,"column":27}},{"start":{"line":83,"column":27},"end":{"line":83,"column":45}},{"start":{"line":83,"column":45},"end":{"line":83,"column":63}},{"start":{"line":83,"column":63},"end":{"line":83,"column":null}}],"line":83},"14":{"loc":{"start":{"line":91,"column":2},"end":{"line":91,"column":null}},"type":"if","locations":[{"start":{"line":91,"column":2},"end":{"line":91,"column":null}},{"start":{},"end":{}}],"line":91},"15":{"loc":{"start":{"line":117,"column":18},"end":{"line":117,"column":null}},"type":"binary-expr","locations":[{"start":{"line":117,"column":18},"end":{"line":117,"column":57}},{"start":{"line":117,"column":57},"end":{"line":117,"column":null}}],"line":117},"16":{"loc":{"start":{"line":133,"column":62},"end":{"line":133,"column":126}},"type":"cond-expr","locations":[{"start":{"line":133,"column":76},"end":{"line":133,"column":123}},{"start":{"line":133,"column":123},"end":{"line":133,"column":126}}],"line":133},"17":{"loc":{"start":{"line":146,"column":6},"end":{"line":150,"column":null}},"type":"if","locations":[{"start":{"line":146,"column":6},"end":{"line":150,"column":null}},{"start":{},"end":{}}],"line":146},"18":{"loc":{"start":{"line":156,"column":6},"end":{"line":163,"column":null}},"type":"if","locations":[{"start":{"line":156,"column":6},"end":{"line":163,"column":null}},{"start":{},"end":{}}],"line":156},"19":{"loc":{"start":{"line":156,"column":10},"end":{"line":156,"column":77}},"type":"binary-expr","locations":[{"start":{"line":156,"column":10},"end":{"line":156,"column":42}},{"start":{"line":156,"column":46},"end":{"line":156,"column":77}}],"line":156},"20":{"loc":{"start":{"line":166,"column":6},"end":{"line":169,"column":null}},"type":"if","locations":[{"start":{"line":166,"column":6},"end":{"line":169,"column":null}},{"start":{},"end":{}}],"line":166}},"s":{"0":6,"1":6,"2":6,"3":6,"4":6,"5":6,"6":1,"7":1,"8":5,"9":5,"10":5,"11":5,"12":5,"13":10,"14":10,"15":0,"16":0,"17":0,"18":0,"19":0,"20":0,"21":5,"22":5,"23":5,"24":6,"25":0,"26":6,"27":6,"28":5,"29":5,"30":5,"31":5,"32":5,"33":5,"34":0,"35":5,"36":0,"37":5,"38":0,"39":5,"40":2,"41":1,"42":6,"43":6,"44":6,"45":1,"46":5,"47":5,"48":5,"49":10,"50":5,"51":5,"52":6,"53":6,"54":6,"55":6,"56":6,"57":7,"58":7,"59":7,"60":5,"61":5,"62":5,"63":5,"64":2,"65":2,"66":2,"67":1,"68":1,"69":1,"70":1,"71":1,"72":1,"73":1,"74":1,"75":1,"76":0,"77":0},"f":{"0":1,"1":1,"2":5,"3":10,"4":5,"5":5,"6":0,"7":2,"8":1,"9":6,"10":10},"b":{"0":[5,0],"1":[5,0],"2":[10,0],"3":[0,0],"4":[0,0],"5":[0,6],"6":[6,6],"7":[0,5],"8":[0,5],"9":[5,0],"10":[0,5],"11":[5,0],"12":[2,1,1],"13":[1,1,0,0],"14":[1,5],"15":[5,5],"16":[0,0],"17":[5,2],"18":[1,1],"19":[2,1],"20":[1,0]},"meta":{"lastBranch":21,"lastFunction":11,"lastStatement":78,"seen":{"s:16:17:16:Infinity":0,"s:17:24:17:Infinity":1,"s:18:18:18:Infinity":2,"s:19:24:19:Infinity":3,"s:20:22:20:Infinity":4,"s:21:19:21:Infinity":5,"f:23:9:23:15":0,"s:24:2:24:Infinity":6,"f:24:13:24:22":1,"s:24:28:24:45":7,"f:27:9:27:28":2,"s:28:19:28:Infinity":8,"s:29:18:29:Infinity":9,"b:29:18:29:52:29:52:29:Infinity":0,"s:30:18:30:56":10,"s:31:17:31:36":11,"s:32:2:32:Infinity":12,"b:32:39:32:82:32:85:32:87":1,"f:35:9:35:29":3,"b:36:2:36:Infinity:undefined:undefined:undefined:undefined":2,"s:36:2:36:Infinity":13,"s:36:12:36:Infinity":14,"s:37:18:37:49":15,"b:38:2:38:Infinity:undefined:undefined:undefined:undefined":3,"s:38:2:38:Infinity":16,"s:38:16:38:Infinity":17,"b:39:2:39:Infinity:undefined:undefined:undefined:undefined":4,"s:39:2:39:Infinity":18,"s:39:32:39:Infinity":19,"s:40:2:40:Infinity":20,"f:43:9:43:19":4,"s:44:15:44:32":21,"s:45:24:45:26":22,"s:46:2:49:Infinity":23,"b:47:4:47:Infinity:undefined:undefined:undefined:undefined":5,"s:47:4:47:Infinity":24,"b:47:8:47:15:47:15:47:27":6,"s:47:29:47:Infinity":25,"s:48:4:48:Infinity":26,"s:49:4:49:Infinity":27,"s:51:2:51:Infinity":28,"f:54:15:54:Infinity":5,"s:58:17:58:66":29,"s:59:2:59:Infinity":30,"s:61:19:61:55":31,"s:62:22:62:67":32,"s:63:18:63:96":33,"b:63:32:63:91:63:94:63:96":7,"f:63:55:63:60":6,"s:63:66:63:74":34,"b:65:2:66:Infinity:undefined:undefined:undefined:undefined":8,"s:65:2:66:Infinity":35,"b:65:6:65:18:65:18:65:52":9,"s:66:4:66:Infinity":36,"b:69:2:72:Infinity:undefined:undefined:undefined:undefined":10,"s:69:2:72:Infinity":37,"b:69:6:69:18:69:6:69:51":11,"s:70:4:72:Infinity":38,"s:75:2:75:Infinity":39,"f:78:9:78:30":7,"s:79:2:79:Infinity":40,"b:79:9:79:27:79:27:79:45:79:45:79:Infinity":12,"f:82:9:82:28":8,"s:83:2:83:Infinity":41,"b:83:9:83:27:83:27:83:45:83:45:83:63:83:63:83:Infinity":13,"f:88:22:88:31":9,"s:89:21:89:Infinity":42,"s:90:17:90:Infinity":43,"b:91:2:91:Infinity:undefined:undefined:undefined:undefined":14,"s:91:2:91:Infinity":44,"s:91:15:91:Infinity":45,"s:93:2:93:Infinity":46,"s:94:17:94:60":47,"s:96:18:105:5":48,"f:96:65:96:70":10,"s:96:77:105:5":49,"s:107:15:113:Infinity":50,"s:117:18:117:Infinity":51,"b:117:18:117:57:117:57:117:Infinity":15,"s:119:15:126:Infinity":52,"s:128:22:128:Infinity":53,"s:130:2:172:Infinity":54,"s:131:4:172:Infinity":55,"s:131:23:131:26":56,"s:132:6:134:Infinity":57,"b:133:76:133:123:133:123:133:126":16,"s:135:18:144:8":58,"b:146:6:150:Infinity:undefined:undefined:undefined:undefined":17,"s:146:6:150:Infinity":59,"s:147:30:147:46":60,"s:148:8:148:Infinity":61,"s:149:8:149:Infinity":62,"s:150:8:150:Infinity":63,"s:153:22:153:38":64,"s:154:6:154:Infinity":65,"b:156:6:163:Infinity:undefined:undefined:undefined:undefined":18,"s:156:6:163:Infinity":66,"b:156:10:156:42:156:46:156:77":19,"s:157:23:157:Infinity":67,"s:158:8:160:Infinity":68,"s:161:8:161:Infinity":69,"s:162:8:162:Infinity":70,"s:163:8:163:Infinity":71,"b:166:6:169:Infinity:undefined:undefined:undefined:undefined":20,"s:166:6:169:Infinity":72,"s:167:8:167:Infinity":73,"s:168:8:168:Infinity":74,"s:169:8:169:Infinity":75,"s:172:6:172:Infinity":76,"s:176:2:176:Infinity":77}}}
,"/Users/mikolaj/Desktop/Projects/pepper-bot/src/notifier.ts": {"path":"/Users/mikolaj/Desktop/Projects/pepper-bot/src/notifier.ts","statementMap":{"0":{"start":{"line":5,"column":14},"end":{"line":5,"column":null}},"1":{"start":{"line":6,"column":14},"end":{"line":15,"column":4}},"2":{"start":{"line":16,"column":2},"end":{"line":17,"column":null}},"3":{"start":{"line":17,"column":4},"end":{"line":17,"column":null}},"4":{"start":{"line":22,"column":9},"end":{"line":22,"column":null}},"5":{"start":{"line":24,"column":12},"end":{"line":24,"column":null}},"6":{"start":{"line":25,"column":12},"end":{"line":25,"column":null}},"7":{"start":{"line":29,"column":4},"end":{"line":29,"column":null}},"8":{"start":{"line":34,"column":9},"end":{"line":34,"column":null}},"9":{"start":{"line":36,"column":4},"end":{"line":36,"column":null}},"10":{"start":{"line":41,"column":2},"end":{"line":41,"column":null}},"11":{"start":{"line":41,"column":35},"end":{"line":41,"column":null}},"12":{"start":{"line":42,"column":15},"end":{"line":42,"column":null}},"13":{"start":{"line":43,"column":2},"end":{"line":53,"column":null}},"14":{"start":{"line":45,"column":20},"end":{"line":45,"column":null}},"15":{"start":{"line":46,"column":21},"end":{"line":46,"column":null}},"16":{"start":{"line":47,"column":6},"end":{"line":47,"column":null}},"17":{"start":{"line":47,"column":29},"end":{"line":47,"column":null}},"18":{"start":{"line":48,"column":6},"end":{"line":48,"column":null}},"19":{"start":{"line":51,"column":6},"end":{"line":51,"column":null}},"20":{"start":{"line":53,"column":6},"end":{"line":53,"column":null}},"21":{"start":{"line":59,"column":2},"end":{"line":59,"column":null}}},"fnMap":{"0":{"name":"sendTelegramHtml","decl":{"start":{"line":4,"column":22},"end":{"line":4,"column":39}},"loc":{"start":{"line":4,"column":99},"end":{"line":17,"column":null}},"line":4},"1":{"name":"(anonymous_1)","decl":{"start":{"line":23,"column":2},"end":{"line":23,"column":null}},"loc":{"start":{"line":26,"column":4},"end":{"line":25,"column":null}},"line":26},"2":{"name":"(anonymous_2)","decl":{"start":{"line":28,"column":8},"end":{"line":28,"column":13}},"loc":{"start":{"line":28,"column":42},"end":{"line":29,"column":null}},"line":28},"3":{"name":"(anonymous_3)","decl":{"start":{"line":35,"column":8},"end":{"line":35,"column":13}},"loc":{"start":{"line":35,"column":42},"end":{"line":36,"column":null}},"line":35},"4":{"name":"makeNotifier","decl":{"start":{"line":40,"column":16},"end":{"line":40,"column":41}},"loc":{"start":{"line":40,"column":41},"end":{"line":53,"column":null}},"line":40},"5":{"name":"esc","decl":{"start":{"line":58,"column":16},"end":{"line":58,"column":20}},"loc":{"start":{"line":58,"column":39},"end":{"line":59,"column":null}},"line":58}},"branchMap":{"0":{"loc":{"start":{"line":16,"column":2},"end":{"line":17,"column":null}},"type":"if","locations":[{"start":{"line":16,"column":2},"end":{"line":17,"column":null}},{"start":{},"end":{}}],"line":16},"1":{"loc":{"start":{"line":41,"column":2},"end":{"line":41,"column":null}},"type":"if","locations":[{"start":{"line":41,"column":2},"end":{"line":41,"column":null}},{"start":{},"end":{}}],"line":41},"2":{"loc":{"start":{"line":42,"column":15},"end":{"line":42,"column":null}},"type":"binary-expr","locations":[{"start":{"line":42,"column":15},"end":{"line":42,"column":39}},{"start":{"line":42,"column":39},"end":{"line":42,"column":null}}],"line":42},"3":{"loc":{"start":{"line":43,"column":2},"end":{"line":53,"column":null}},"type":"switch","locations":[{"start":{"line":44,"column":4},"end":{"line":48,"column":null}},{"start":{"line":50,"column":4},"end":{"line":51,"column":null}},{"start":{"line":52,"column":4},"end":{"line":53,"column":null}}],"line":43},"4":{"loc":{"start":{"line":47,"column":6},"end":{"line":47,"column":null}},"type":"if","locations":[{"start":{"line":47,"column":6},"end":{"line":47,"column":null}},{"start":{},"end":{}}],"line":47},"5":{"loc":{"start":{"line":47,"column":10},"end":{"line":47,"column":29}},"type":"binary-expr","locations":[{"start":{"line":47,"column":10},"end":{"line":47,"column":20}},{"start":{"line":47,"column":20},"end":{"line":47,"column":29}}],"line":47}},"s":{"0":2,"1":2,"2":2,"3":1,"4":0,"5":0,"6":0,"7":0,"8":0,"9":0,"10":0,"11":0,"12":0,"13":0,"14":0,"15":0,"16":0,"17":0,"18":0,"19":0,"20":0,"21":1},"f":{"0":2,"1":0,"2":0,"3":0,"4":0,"5":1},"b":{"0":[1,1],"1":[0,0],"2":[0,0],"3":[0,0,0],"4":[0,0],"5":[0,0]},"meta":{"lastBranch":6,"lastFunction":6,"lastStatement":22,"seen":{"f:4:22:4:39":0,"s:5:14:5:Infinity":0,"s:6:14:15:4":1,"b:16:2:17:Infinity:undefined:undefined:undefined:undefined":0,"s:16:2:17:Infinity":2,"s:17:4:17:Infinity":3,"s:22:9:22:Infinity":4,"f:23:2:23:Infinity":1,"s:24:12:24:Infinity":5,"s:25:12:25:Infinity":6,"f:28:8:28:13":2,"s:29:4:29:Infinity":7,"s:34:9:34:Infinity":8,"f:35:8:35:13":3,"s:36:4:36:Infinity":9,"f:40:16:40:41":4,"b:41:2:41:Infinity:undefined:undefined:undefined:undefined":1,"s:41:2:41:Infinity":10,"s:41:35:41:Infinity":11,"s:42:15:42:Infinity":12,"b:42:15:42:39:42:39:42:Infinity":2,"b:44:4:48:Infinity:50:4:51:Infinity:52:4:53:Infinity":3,"s:43:2:53:Infinity":13,"s:45:20:45:Infinity":14,"s:46:21:46:Infinity":15,"b:47:6:47:Infinity:undefined:undefined:undefined:undefined":4,"s:47:6:47:Infinity":16,"b:47:10:47:20:47:20:47:29":5,"s:47:29:47:Infinity":17,"s:48:6:48:Infinity":18,"s:51:6:51:Infinity":19,"s:53:6:53:Infinity":20,"f:58:16:58:20":5,"s:59:2:59:Infinity":21}}}
,"/Users/mikolaj/Desktop/Projects/pepper-bot/src/openrouter-free-models.ts": {"path":"/Users/mikolaj/Desktop/Projects/pepper-bot/src/openrouter-free-models.ts","statementMap":{"0":{"start":{"line":5,"column":19},"end":{"line":5,"column":null}},"1":{"start":{"line":8,"column":22},"end":{"line":8,"column":null}},"2":{"start":{"line":10,"column":17},"end":{"line":10,"column":null}},"3":{"start":{"line":25,"column":50},"end":{"line":25,"column":null}},"4":{"start":{"line":28,"column":2},"end":{"line":28,"column":null}},"5":{"start":{"line":28,"column":32},"end":{"line":28,"column":null}},"6":{"start":{"line":29,"column":2},"end":{"line":29,"column":null}},"7":{"start":{"line":29,"column":38},"end":{"line":29,"column":null}},"8":{"start":{"line":30,"column":15},"end":{"line":30,"column":54}},"9":{"start":{"line":31,"column":2},"end":{"line":31,"column":null}},"10":{"start":{"line":31,"column":30},"end":{"line":31,"column":null}},"11":{"start":{"line":32,"column":17},"end":{"line":32,"column":45}},"12":{"start":{"line":33,"column":2},"end":{"line":33,"column":null}},"13":{"start":{"line":33,"column":43},"end":{"line":33,"column":null}},"14":{"start":{"line":34,"column":2},"end":{"line":34,"column":null}},"15":{"start":{"line":38,"column":14},"end":{"line":38,"column":null}},"16":{"start":{"line":39,"column":18},"end":{"line":39,"column":null}},"17":{"start":{"line":40,"column":2},"end":{"line":40,"column":null}},"18":{"start":{"line":53,"column":2},"end":{"line":55,"column":null}},"19":{"start":{"line":54,"column":4},"end":{"line":54,"column":null}},"20":{"start":{"line":55,"column":4},"end":{"line":55,"column":null}},"21":{"start":{"line":58,"column":2},"end":{"line":58,"column":null}},"22":{"start":{"line":60,"column":14},"end":{"line":65,"column":4}},"23":{"start":{"line":66,"column":2},"end":{"line":67,"column":null}},"24":{"start":{"line":67,"column":4},"end":{"line":67,"column":null}},"25":{"start":{"line":70,"column":24},"end":{"line":70,"column":40}},"26":{"start":{"line":71,"column":16},"end":{"line":71,"column":null}},"27":{"start":{"line":72,"column":2},"end":{"line":73,"column":null}},"28":{"start":{"line":73,"column":4},"end":{"line":73,"column":null}},"29":{"start":{"line":76,"column":21},"end":{"line":76,"column":51}},"30":{"start":{"line":77,"column":2},"end":{"line":77,"column":null}},"31":{"start":{"line":77,"column":28},"end":{"line":77,"column":61}},"32":{"start":{"line":78,"column":14},"end":{"line":78,"column":41}},"33":{"start":{"line":78,"column":36},"end":{"line":78,"column":41}},"34":{"start":{"line":80,"column":2},"end":{"line":83,"column":null}},"35":{"start":{"line":81,"column":4},"end":{"line":83,"column":null}},"36":{"start":{"line":86,"column":2},"end":{"line":86,"column":null}},"37":{"start":{"line":87,"column":2},"end":{"line":87,"column":null}},"38":{"start":{"line":88,"column":2},"end":{"line":88,"column":null}},"39":{"start":{"line":93,"column":15},"end":{"line":93,"column":36}},"40":{"start":{"line":94,"column":2},"end":{"line":96,"column":null}},"41":{"start":{"line":100,"column":2},"end":{"line":100,"column":null}}},"fnMap":{"0":{"name":"isDigestCandidate","decl":{"start":{"line":27,"column":9},"end":{"line":27,"column":27}},"loc":{"start":{"line":27,"column":49},"end":{"line":34,"column":null}},"line":27},"1":{"name":"contextScore","decl":{"start":{"line":37,"column":9},"end":{"line":37,"column":22}},"loc":{"start":{"line":37,"column":43},"end":{"line":40,"column":null}},"line":37},"2":{"name":"fetchRankedFreeModelIds","decl":{"start":{"line":49,"column":22},"end":{"line":49,"column":null}},"loc":{"start":{"line":52,"column":21},"end":{"line":88,"column":null}},"line":52},"3":{"name":"(anonymous_3)","decl":{"start":{"line":77,"column":13},"end":{"line":77,"column":19}},"loc":{"start":{"line":77,"column":28},"end":{"line":77,"column":61}},"line":77},"4":{"name":"(anonymous_4)","decl":{"start":{"line":78,"column":25},"end":{"line":78,"column":30}},"loc":{"start":{"line":78,"column":36},"end":{"line":78,"column":41}},"line":78},"5":{"name":"logRankedFreeModelsSummary","decl":{"start":{"line":92,"column":16},"end":{"line":92,"column":43}},"loc":{"start":{"line":92,"column":78},"end":{"line":96,"column":null}},"line":92},"6":{"name":"isOpenRouterRouterModel","decl":{"start":{"line":99,"column":16},"end":{"line":99,"column":40}},"loc":{"start":{"line":99,"column":61},"end":{"line":100,"column":null}},"line":99}},"branchMap":{"0":{"loc":{"start":{"line":28,"column":2},"end":{"line":28,"column":null}},"type":"if","locations":[{"start":{"line":28,"column":2},"end":{"line":28,"column":null}},{"start":{},"end":{}}],"line":28},"1":{"loc":{"start":{"line":29,"column":2},"end":{"line":29,"column":null}},"type":"if","locations":[{"start":{"line":29,"column":2},"end":{"line":29,"column":null}},{"start":{},"end":{}}],"line":29},"2":{"loc":{"start":{"line":30,"column":15},"end":{"line":30,"column":54}},"type":"binary-expr","locations":[{"start":{"line":30,"column":15},"end":{"line":30,"column":52}},{"start":{"line":30,"column":52},"end":{"line":30,"column":54}}],"line":30},"3":{"loc":{"start":{"line":31,"column":2},"end":{"line":31,"column":null}},"type":"if","locations":[{"start":{"line":31,"column":2},"end":{"line":31,"column":null}},{"start":{},"end":{}}],"line":31},"4":{"loc":{"start":{"line":32,"column":17},"end":{"line":32,"column":45}},"type":"binary-expr","locations":[{"start":{"line":32,"column":17},"end":{"line":32,"column":43}},{"start":{"line":32,"column":43},"end":{"line":32,"column":45}}],"line":32},"5":{"loc":{"start":{"line":33,"column":2},"end":{"line":33,"column":null}},"type":"if","locations":[{"start":{"line":33,"column":2},"end":{"line":33,"column":null}},{"start":{},"end":{}}],"line":33},"6":{"loc":{"start":{"line":38,"column":14},"end":{"line":38,"column":null}},"type":"binary-expr","locations":[{"start":{"line":38,"column":14},"end":{"line":38,"column":34}},{"start":{"line":38,"column":34},"end":{"line":38,"column":68}},{"start":{"line":38,"column":68},"end":{"line":38,"column":null}}],"line":38},"7":{"loc":{"start":{"line":39,"column":18},"end":{"line":39,"column":null}},"type":"binary-expr","locations":[{"start":{"line":39,"column":18},"end":{"line":39,"column":59}},{"start":{"line":39,"column":59},"end":{"line":39,"column":null}}],"line":39},"8":{"loc":{"start":{"line":53,"column":2},"end":{"line":55,"column":null}},"type":"if","locations":[{"start":{"line":53,"column":2},"end":{"line":55,"column":null}},{"start":{},"end":{}}],"line":53},"9":{"loc":{"start":{"line":53,"column":6},"end":{"line":53,"column":49}},"type":"binary-expr","locations":[{"start":{"line":53,"column":6},"end":{"line":53,"column":15}},{"start":{"line":53,"column":15},"end":{"line":53,"column":49}}],"line":53},"10":{"loc":{"start":{"line":66,"column":2},"end":{"line":67,"column":null}},"type":"if","locations":[{"start":{"line":66,"column":2},"end":{"line":67,"column":null}},{"start":{},"end":{}}],"line":66},"11":{"loc":{"start":{"line":72,"column":2},"end":{"line":73,"column":null}},"type":"if","locations":[{"start":{"line":72,"column":2},"end":{"line":73,"column":null}},{"start":{},"end":{}}],"line":72},"12":{"loc":{"start":{"line":80,"column":2},"end":{"line":83,"column":null}},"type":"if","locations":[{"start":{"line":80,"column":2},"end":{"line":83,"column":null}},{"start":{},"end":{}}],"line":80},"13":{"loc":{"start":{"line":92,"column":58},"end":{"line":92,"column":78}},"type":"default-arg","locations":[{"start":{"line":92,"column":68},"end":{"line":92,"column":78}}],"line":92}},"s":{"0":11,"1":11,"2":11,"3":11,"4":12,"5":2,"6":10,"7":0,"8":10,"9":12,"10":0,"11":10,"12":12,"13":1,"14":9,"15":4,"16":4,"17":4,"18":10,"19":1,"20":1,"21":9,"22":9,"23":9,"24":1,"25":8,"26":8,"27":8,"28":0,"29":8,"30":8,"31":2,"32":8,"33":9,"34":8,"35":1,"36":7,"37":7,"38":7,"39":5,"40":5,"41":2},"f":{"0":12,"1":4,"2":10,"3":2,"4":9,"5":5,"6":2},"b":{"0":[2,10],"1":[0,10],"2":[10,0],"3":[0,12],"4":[10,0],"5":[1,11],"6":[4,0,0],"7":[4,0],"8":[1,9],"9":[10,1],"10":[1,8],"11":[0,8],"12":[1,7],"13":[5]},"meta":{"lastBranch":14,"lastFunction":7,"lastStatement":42,"seen":{"s:5:19:5:Infinity":0,"s:8:22:8:Infinity":1,"s:10:17:10:Infinity":2,"s:25:50:25:Infinity":3,"f:27:9:27:27":0,"b:28:2:28:Infinity:undefined:undefined:undefined:undefined":0,"s:28:2:28:Infinity":4,"s:28:32:28:Infinity":5,"b:29:2:29:Infinity:undefined:undefined:undefined:undefined":1,"s:29:2:29:Infinity":6,"s:29:38:29:Infinity":7,"s:30:15:30:54":8,"b:30:15:30:52:30:52:30:54":2,"b:31:2:31:Infinity:undefined:undefined:undefined:undefined":3,"s:31:2:31:Infinity":9,"s:31:30:31:Infinity":10,"s:32:17:32:45":11,"b:32:17:32:43:32:43:32:45":4,"b:33:2:33:Infinity:undefined:undefined:undefined:undefined":5,"s:33:2:33:Infinity":12,"s:33:43:33:Infinity":13,"s:34:2:34:Infinity":14,"f:37:9:37:22":1,"s:38:14:38:Infinity":15,"b:38:14:38:34:38:34:38:68:38:68:38:Infinity":6,"s:39:18:39:Infinity":16,"b:39:18:39:59:39:59:39:Infinity":7,"s:40:2:40:Infinity":17,"f:49:22:49:Infinity":2,"b:53:2:55:Infinity:undefined:undefined:undefined:undefined":8,"s:53:2:55:Infinity":18,"b:53:6:53:15:53:15:53:49":9,"s:54:4:54:Infinity":19,"s:55:4:55:Infinity":20,"s:58:2:58:Infinity":21,"s:60:14:65:4":22,"b:66:2:67:Infinity:undefined:undefined:undefined:undefined":10,"s:66:2:67:Infinity":23,"s:67:4:67:Infinity":24,"s:70:24:70:40":25,"s:71:16:71:Infinity":26,"b:72:2:73:Infinity:undefined:undefined:undefined:undefined":11,"s:72:2:73:Infinity":27,"s:73:4:73:Infinity":28,"s:76:21:76:51":29,"s:77:2:77:Infinity":30,"f:77:13:77:19":3,"s:77:28:77:61":31,"s:78:14:78:41":32,"f:78:25:78:30":4,"s:78:36:78:41":33,"b:80:2:83:Infinity:undefined:undefined:undefined:undefined":12,"s:80:2:83:Infinity":34,"s:81:4:83:Infinity":35,"s:86:2:86:Infinity":36,"s:87:2:87:Infinity":37,"s:88:2:88:Infinity":38,"f:92:16:92:43":5,"b:92:68:92:78":13,"s:93:15:93:36":39,"s:94:2:96:Infinity":40,"f:99:16:99:40":6,"s:100:2:100:Infinity":41}}}
,"/Users/mikolaj/Desktop/Projects/pepper-bot/src/pepper.ts": {"path":"/Users/mikolaj/Desktop/Projects/pepper-bot/src/pepper.ts","statementMap":{"0":{"start":{"line":4,"column":18},"end":{"line":4,"column":null}},"1":{"start":{"line":5,"column":13},"end":{"line":5,"column":null}},"2":{"start":{"line":8,"column":2},"end":{"line":8,"column":null}},"3":{"start":{"line":10,"column":28},"end":{"line":10,"column":null}},"4":{"start":{"line":11,"column":24},"end":{"line":11,"column":null}},"5":{"start":{"line":12,"column":23},"end":{"line":12,"column":null}},"6":{"start":{"line":13,"column":26},"end":{"line":13,"column":null}},"7":{"start":{"line":16,"column":2},"end":{"line":16,"column":null}},"8":{"start":{"line":20,"column":17},"end":{"line":20,"column":81}},"9":{"start":{"line":21,"column":14},"end":{"line":21,"column":54}},"10":{"start":{"line":22,"column":2},"end":{"line":22,"column":null}},"11":{"start":{"line":22,"column":11},"end":{"line":22,"column":null}},"12":{"start":{"line":23,"column":2},"end":{"line":23,"column":null}},"13":{"start":{"line":27,"column":14},"end":{"line":27,"column":45}},"14":{"start":{"line":28,"column":14},"end":{"line":30,"column":4}},"15":{"start":{"line":31,"column":2},"end":{"line":33,"column":null}},"16":{"start":{"line":32,"column":17},"end":{"line":32,"column":33}},"17":{"start":{"line":33,"column":4},"end":{"line":33,"column":null}},"18":{"start":{"line":35,"column":24},"end":{"line":35,"column":40}},"19":{"start":{"line":36,"column":14},"end":{"line":36,"column":null}},"20":{"start":{"line":37,"column":25},"end":{"line":37,"column":138}},"21":{"start":{"line":38,"column":2},"end":{"line":38,"column":null}},"22":{"start":{"line":38,"column":26},"end":{"line":38,"column":67}},"23":{"start":{"line":43,"column":2},"end":{"line":43,"column":null}},"24":{"start":{"line":43,"column":27},"end":{"line":43,"column":null}},"25":{"start":{"line":44,"column":14},"end":{"line":44,"column":null}},"26":{"start":{"line":45,"column":14},"end":{"line":45,"column":null}},"27":{"start":{"line":46,"column":12},"end":{"line":46,"column":null}},"28":{"start":{"line":47,"column":2},"end":{"line":73,"column":null}},"29":{"start":{"line":47,"column":15},"end":{"line":47,"column":22}},"30":{"start":{"line":48,"column":14},"end":{"line":48,"column":null}},"31":{"start":{"line":49,"column":4},"end":{"line":59,"column":null}},"32":{"start":{"line":50,"column":6},"end":{"line":52,"column":null}},"33":{"start":{"line":51,"column":8},"end":{"line":51,"column":null}},"34":{"start":{"line":52,"column":8},"end":{"line":52,"column":null}},"35":{"start":{"line":54,"column":6},"end":{"line":56,"column":null}},"36":{"start":{"line":55,"column":8},"end":{"line":55,"column":null}},"37":{"start":{"line":56,"column":8},"end":{"line":56,"column":null}},"38":{"start":{"line":58,"column":6},"end":{"line":58,"column":null}},"39":{"start":{"line":58,"column":21},"end":{"line":58,"column":null}},"40":{"start":{"line":59,"column":6},"end":{"line":59,"column":null}},"41":{"start":{"line":61,"column":4},"end":{"line":63,"column":null}},"42":{"start":{"line":62,"column":6},"end":{"line":62,"column":null}},"43":{"start":{"line":63,"column":6},"end":{"line":63,"column":null}},"44":{"start":{"line":65,"column":4},"end":{"line":73,"column":null}},"45":{"start":{"line":65,"column":19},"end":{"line":65,"column":null}},"46":{"start":{"line":66,"column":9},"end":{"line":73,"column":null}},"47":{"start":{"line":67,"column":6},"end":{"line":67,"column":null}},"48":{"start":{"line":68,"column":6},"end":{"line":73,"column":null}},"49":{"start":{"line":69,"column":22},"end":{"line":69,"column":46}},"50":{"start":{"line":70,"column":8},"end":{"line":73,"column":null}},"51":{"start":{"line":71,"column":10},"end":{"line":71,"column":null}},"52":{"start":{"line":73,"column":10},"end":{"line":73,"column":null}},"53":{"start":{"line":78,"column":2},"end":{"line":78,"column":null}},"54":{"start":{"line":82,"column":2},"end":{"line":82,"column":null}},"55":{"start":{"line":86,"column":2},"end":{"line":86,"column":null}},"56":{"start":{"line":90,"column":15},"end":{"line":99,"column":null}},"57":{"start":{"line":100,"column":2},"end":{"line":102,"column":null}},"58":{"start":{"line":101,"column":14},"end":{"line":101,"column":null}},"59":{"start":{"line":102,"column":4},"end":{"line":102,"column":null}},"60":{"start":{"line":102,"column":43},"end":{"line":102,"column":null}},"61":{"start":{"line":104,"column":2},"end":{"line":104,"column":null}},"62":{"start":{"line":108,"column":12},"end":{"line":108,"column":52}},"63":{"start":{"line":109,"column":2},"end":{"line":109,"column":null}},"64":{"start":{"line":109,"column":16},"end":{"line":109,"column":null}},"65":{"start":{"line":110,"column":20},"end":{"line":110,"column":null}},"66":{"start":{"line":111,"column":17},"end":{"line":111,"column":58}},"67":{"start":{"line":112,"column":2},"end":{
[...]
104}}],"line":124},"26":{"loc":{"start":{"line":124,"column":27},"end":{"line":124,"column":71}},"type":"binary-expr","locations":[{"start":{"line":124,"column":27},"end":{"line":124,"column":52}},{"start":{"line":124,"column":52},"end":{"line":124,"column":71}}],"line":124},"27":{"loc":{"start":{"line":125,"column":18},"end":{"line":125,"column":null}},"type":"cond-expr","locations":[{"start":{"line":125,"column":47},"end":{"line":125,"column":67}},{"start":{"line":125,"column":70},"end":{"line":125,"column":null}}],"line":125},"28":{"loc":{"start":{"line":129,"column":12},"end":{"line":129,"column":null}},"type":"binary-expr","locations":[{"start":{"line":129,"column":12},"end":{"line":129,"column":34}},{"start":{"line":129,"column":34},"end":{"line":129,"column":null}}],"line":129},"29":{"loc":{"start":{"line":133,"column":17},"end":{"line":133,"column":null}},"type":"cond-expr","locations":[{"start":{"line":133,"column":53},"end":{"line":133,"column":69}},{"start":{"line":133,"column":69},"end":{"line":133,"column":null}}],"line":133},"30":{"loc":{"start":{"line":135,"column":19},"end":{"line":135,"column":null}},"type":"cond-expr","locations":[{"start":{"line":135,"column":56},"end":{"line":135,"column":73}},{"start":{"line":135,"column":73},"end":{"line":135,"column":null}}],"line":135},"31":{"loc":{"start":{"line":138,"column":17},"end":{"line":138,"column":74}},"type":"binary-expr","locations":[{"start":{"line":138,"column":17},"end":{"line":138,"column":47}},{"start":{"line":138,"column":47},"end":{"line":138,"column":74}}],"line":138},"32":{"loc":{"start":{"line":139,"column":14},"end":{"line":139,"column":null}},"type":"cond-expr","locations":[{"start":{"line":139,"column":25},"end":{"line":139,"column":65}},{"start":{"line":139,"column":68},"end":{"line":139,"column":null}}],"line":139},"33":{"loc":{"start":{"line":140,"column":12},"end":{"line":140,"column":97}},"type":"cond-expr","locations":[{"start":{"line":140,"column":17},"end":{"line":140,"column":92}},{"start":{"line":140,"column":95},"end":{"line":140,"column":97}}],"line":140},"34":{"loc":{"start":{"line":154,"column":4},"end":{"line":154,"column":null}},"type":"if","locations":[{"start":{"line":154,"column":4},"end":{"line":154,"column":null}},{"start":{},"end":{}}],"line":154},"35":{"loc":{"start":{"line":157,"column":4},"end":{"line":157,"column":null}},"type":"if","locations":[{"start":{"line":157,"column":4},"end":{"line":157,"column":null}},{"start":{},"end":{}}],"line":157},"36":{"loc":{"start":{"line":163,"column":19},"end":{"line":163,"column":null}},"type":"cond-expr","locations":[{"start":{"line":163,"column":39},"end":{"line":163,"column":58}},{"start":{"line":163,"column":58},"end":{"line":163,"column":null}}],"line":163},"37":{"loc":{"start":{"line":167,"column":21},"end":{"line":167,"column":67}},"type":"binary-expr","locations":[{"start":{"line":167,"column":21},"end":{"line":167,"column":41}},{"start":{"line":167,"column":41},"end":{"line":167,"column":67}}],"line":167},"38":{"loc":{"start":{"line":168,"column":16},"end":{"line":168,"column":null}},"type":"cond-expr","locations":[{"start":{"line":168,"column":29},"end":{"line":168,"column":52}},{"start":{"line":168,"column":52},"end":{"line":168,"column":null}}],"line":168},"39":{"loc":{"start":{"line":176,"column":4},"end":{"line":177,"column":null}},"type":"if","locations":[{"start":{"line":176,"column":4},"end":{"line":177,"column":null}},{"start":{},"end":{}}],"line":176},"40":{"loc":{"start":{"line":181,"column":4},"end":{"line":182,"column":null}},"type":"if","locations":[{"start":{"line":181,"column":4},"end":{"line":182,"column":null}},{"start":{},"end":{}}],"line":181},"41":{"loc":{"start":{"line":181,"column":8},"end":{"line":181,"column":42}},"type":"binary-expr","locations":[{"start":{"line":181,"column":8},"end":{"line":181,"column":30}},{"start":{"line":181,"column":30},"end":{"line":181,"column":42}}],"line":181},"42":{"loc":{"start":{"line":186,"column":6},"end":{"line":186,"column":null}},"type":"if","locations":[{"start":{"line":186,"column":6},"end":{"line":186,"column":null}},{"start":{},"end":{}}],"line":186},"43":{"loc":{"start":{"line":188,"column":4},"end":{"line":188,"column":null}},"type":"if","locations":[{"start":{"line":188,"column":4},"end":{"line":188,"column":null}},{"start":{},"end":{}}],"line":188},"44":{"loc":{"start":{"line":195,"column":4},"end":{"line":196,"column":54}},"type":"binary-expr","locations":[{"start":{"line":195,"column":4},"end":{"line":195,"column":38}},{"start":{"line":196,"column":4},"end":{"line":196,"column":54}}],"line":195},"45":{"loc":{"start":{"line":200,"column":52},"end":{"line":200,"column":81}},"type":"default-arg","locations":[{"start":{"line":200,"column":60},"end":{"line":200,"column":81}}],"line":200},"46":{"loc":{"start":{"line":204,"column":16},"end":{"line":204,"column":58}},"type":"cond-expr","locations":[{"start":{"line":204,"column":37},"end":{"line":204,"column":49}},{"start":{"line":204,"column":49},"end":{"line":204,"column":58}}],"line":204},"47":{"loc":{"start":{"line":205,"column":4},"end":{"line":207,"column":null}},"type":"if","locations":[{"start":{"line":205,"column":4},"end":{"line":207,"column":null}},{"start":{},"end":{}}],"line":205},"48":{"loc":{"start":{"line":214,"column":16},"end":{"line":214,"column":null}},"type":"cond-expr","locations":[{"start":{"line":214,"column":48},"end":{"line":214,"column":60}},{"start":{"line":214,"column":60},"end":{"line":214,"column":null}}],"line":214},"49":{"loc":{"start":{"line":215,"column":19},"end":{"line":215,"column":null}},"type":"cond-expr","locations":[{"start":{"line":215,"column":61},"end":{"line":215,"column":83}},{"start":{"line":215,"column":83},"end":{"line":215,"column":null}}],"line":215},"50":{"loc":{"start":{"line":217,"column":4},"end":{"line":219,"column":null}},"type":"cond-expr","locations":[{"start":{"line":218,"column":8},"end":{"line":218,"column":57}},{"start":{"line":219,"column":8},"end":{"line":219,"column":null}}],"line":217},"51":{"loc":{"start":{"line":217,"column":4},"end":{"line":217,"column":null}},"type":"binary-expr","locations":[{"start":{"line":217,"column":4},"end":{"line":217,"column":13}},{"start":{"line":217,"column":13},"end":{"line":217,"column":25}},{"start":{"line":217,"column":25},"end":{"line":217,"column":null}}],"line":217},"52":{"loc":{"start":{"line":220,"column":18},"end":{"line":220,"column":34}},"type":"binary-expr","locations":[{"start":{"line":220,"column":18},"end":{"line":220,"column":32}},{"start":{"line":220,"column":32},"end":{"line":220,"column":34}}],"line":220},"53":{"loc":{"start":{"line":222,"column":16},"end":{"line":222,"column":49}},"type":"binary-expr","locations":[{"start":{"line":222,"column":16},"end":{"line":222,"column":36}},{"start":{"line":222,"column":36},"end":{"line":222,"column":49}}],"line":222},"54":{"loc":{"start":{"line":227,"column":2},"end":{"line":230,"column":null}},"type":"if","locations":[{"start":{"line":227,"column":2},"end":{"line":230,"column":null}},{"start":{"line":229,"column":9},"end":{"line":230,"column":null}}],"line":227},"55":{"loc":{"start":{"line":227,"column":6},"end":{"line":227,"column":51}},"type":"binary-expr","locations":[{"start":{"line":227,"column":6},"end":{"line":227,"column":37}},{"start":{"line":227,"column":37},"end":{"line":227,"column":51}}],"line":227},"56":{"loc":{"start":{"line":234,"column":12},"end":{"line":234,"column":null}},"type":"binary-expr","locations":[{"start":{"line":234,"column":12},"end":{"line":234,"column":36}},{"start":{"line":234,"column":36},"end":{"line":234,"column":null}}],"line":234},"57":{"loc":{"start":{"line":238,"column":18},"end":{"line":238,"column":null}},"type":"binary-expr","locations":[{"start":{"line":238,"column":18},"end":{"line":238,"column":48}},{"start":{"line":238,"column":48},"end":{"line":238,"column":null}}],"line":238},"58":{"loc":{"start":{"line":243,"column":17},"end":{"line":243,"column":68}},"type":"binary-expr","locations":[{"start":{"line":243,"column":17},"end":{"line":243,"column":46}},{"start":{"line":243,"column":46},"end":{"line":243,"column":68}}],"line":243},"59":{"loc":{"start":{"line":244,"column":15},"end":{"line":244,"column":null}},"type":"binary-expr","locations":[{"start":{"line":244,"column":15},"end":{"line":244,"column":52}},{"start":{"line":244,"column":52},"end":{"line":244,"column":null}}],"line":244},"60":{"loc":{"start":{"line":265,"column":4},"end":{"line":267,"column":null}},"type":"if","locations":[{"start":{"line":265,"column":4},"end":{"line":267,"column":null}},{"start":{},"end":{}}],"line":265}},"s":{"0":2,"1":2,"2":2,"3":2,"4":2,"5":2,"6":2,"7":5,"8":4,"9":4,"10":4,"11":0,"12":4,"13":4,"14":4,"15":4,"16":1,"17":1,"18":3,"19":3,"20":3,"21":4,"22":4,"23":1,"24":0,"25":1,"26":1,"27":1,"28":1,"29":1,"30":255,"31":255,"32":191,"33":0,"34":0,"35":191,"36":0,"37":0,"38":191,"39":18,"40":191,"41":64,"42":18,"43":18,"44":46,"45":2,"46":44,"47":2,"48":2,"49":1,"50":1,"51":1,"52":0,"53":0,"54":0,"55":0,"56":5,"57":5,"58":40,"59":40,"60":0,"61":5,"62":1,"63":1,"64":0,"65":1,"66":1,"67":1,"68":0,"69":1,"70":1,"71":1,"72":0,"73":1,"74":1,"75":1,"76":1,"77":1,"78":1,"79":1,"80":1,"81":1,"82":1,"83":1,"84":1,"85":1,"86":1,"87":1,"88":0,"89":1,"90":1,"91":1,"92":1,"93":1,"94":1,"95":1,"96":1,"97":1,"98":1,"99":1,"100":1,"101":1,"102":1,"103":0,"104":1,"105":1,"106":1,"107":0,"108":1,"109":1,"110":1,"111":0,"112":1,"113":1,"114":1,"115":1,"116":4,"117":4,"118":1,"119":1,"120":1,"121":1,"122":0,"123":4,"124":4,"125":4,"126":4,"127":4,"128":0,"129":4,"130":4,"131":4,"132":0,"133":4,"134":4,"135":2,"136":2,"137":2,"138":2,"139":2,"140":5,"141":4,"142":4,"143":2,"144":2},"f":{"0":5,"1":4,"2":4,"3":4,"4":1,"5":0,"6":0,"7":5,"8":1,"9":1,"10":1,"11":1,"12":4,"13":4,"14":0,"15":2},"b":{"0":[5,5],"1":[0,4],"2":[4],"3":[1,3],"4":[0,3],"5":[3,0,0],"6":[0,1],"7":[191,64],"8":[0,191],"9":[0,191],"10":[18,173],"11":[18,46],"12":[2,44],"13":[2,42],"14":[1,1],"15":[0,40],"16":[40,0],"17":[0,1],"18":[0,1],"19":[0,1],"20":[1,0],"21":[1,0],"22":[1,1],"23":[1,0],"24":[1,1,1],"25":[1,0],"26":[1,0],"27":[1,0],"28":[1,0],"29":[1,0],"30":[1,0],"31":[1,0],"32":[0,1],"33":[1,0],"34":[0,1],"35":[1,0],"36":[1,0],"37":[1,1],"38":[1,0],"39":[0,1],"40":[0,1],"41":[1,0],"42":[0,1],"43":[1,0],"44":[1,1],"45":[4],"46":[1,0],"47":[1,0],"48":[4,0],"49":[0,4],"50":[0,4],"51":[4,4,0],"52":[4,4],"53":[0,0],"54":[0,4],"55":[4,0],"56":[4,0],"57":[4,0],"58":[4,0],"59":[4,4],"60":[4,1]},"meta":{"lastBranch":61,"lastFunction":16,"lastStatement":145,"seen":{"s:4:18:4:Infinity":0,"s:5:13:5:Infinity":1,"s:8:2:8:Infinity":2,"s:10:28:10:Infinity":3,"s:11:24:11:Infinity":4,"s:12:23:12:Infinity":5,"s:13:26:13:Infinity":6,"f:15:9:15:29":0,"s:16:2:16:Infinity":7,"b:16:9:16:46:16:50:16:Infinity":0,"f:19:9:19:25":1,"s:20:17:20:81":8,"s:21:14:21:54":9,"b:22:2:22:Infinity:undefined:undefined:undefined:undefined":1,"s:22:2:22:Infinity":10,"s:22:11:22:Infinity":11,"s:23:2:23:Infinity":12,"f:26:15:26:32":2,"b:26:64:26:85":2,"s:27:14:27:45":13,"s:28:14:30:4":14,"b:31:2:33:Infinity:undefined:undefined:undefined:undefined":3,"s:31:2:33:Infinity":15,"s:32:17:32:33":16,"s:33:4:33:Infinity":17,"s:35:24:35:40":18,"s:36:14:36:Infinity":19,"s:37:25:37:138":20,"b:37:46:37:54:37:54:37:138":4,"b:37:54:37:95:37:95:37:136:37:136:37:138":5,"s:38:2:38:Infinity":21,"f:38:13:38:18":3,"s:38:26:38:67":22,"f:42:9:42:27":4,"b:43:2:43:Infinity:undefined:undefined:undefined:undefined":6,"s:43:2:43:Infinity":23,"s:43:27:43:Infinity":24,"s:44:14:44:Infinity":25,"s:45:14:45:Infinity":26,"s:46:12:46:Infinity":27,"s:47:2:73:Infinity":28,"s:47:15:47:22":29,"s:48:14:48:Infinity":30,"b:49:4:59:Infinity:undefined:undefined:undefined:undefined":7,"s:49:4:59:Infinity":31,"b:50:6:52:Infinity:undefined:undefined:undefined:undefined":8,"s:50:6:52:Infinity":32,"s:51:8:51:Infinity":33,"s:52:8:52:Infinity":34,"b:54:6:56:Infinity:undefined:undefined:undefined:undefined":9,"s:54:6:56:Infinity":35,"s:55:8:55:Infinity":36,"s:56:8:56:Infinity":37,"b:58:6:58:Infinity:undefined:undefined:undefined:undefined":10,"s:58:6:58:Infinity":38,"s:58:21:58:Infinity":39,"s:59:6:59:Infinity":40,"b:61:4:63:Infinity:undefined:undefined:undefined:undefined":11,"s:61:4:63:Infinity":41,"s:62:6:62:Infinity":42,"s:63:6:63:Infinity":43,"b:65:4:73:Infinity:66:9:73:Infinity":12,"s:65:4:73:Infinity":44,"s:65:19:65:Infinity":45,"b:66:9:73:Infinity:undefined:undefined:undefined:undefined":13,"s:66:9:73:Infinity":46,"s:67:6:67:Infinity":47,"b:68:6:73:Infinity:undefined:undefined:undefined:undefined":14,"s:68:6:73:Infinity":48,"s:69:22:69:46":49,"s:70:8:73:Infinity":50,"s:71:10:71:Infinity":51,"s:73:10:73:Infinity":52,"s:78:2:78:Infinity":53,"f:81:9:81:27":5,"s:82:2:82:Infinity":54,"f:85:9:85:23":6,"s:86:2:86:Infinity":55,"f:89:9:89:36":7,"s:90:15:99:Infinity":56,"s:100:2:102:Infinity":57,"s:101:14:101:Infinity":58,"b:102:4:102:Infinity:undefined:undefined:undefined:undefined":15,"s:102:4:102:Infinity":59,"b:102:8:102:33:102:33:102:41":16,"s:102:43:102:Infinity":60,"s:104:2:104:Infinity":61,"f:107:9:107:36":8,"s:108:12:108:52":62,"b:109:2:109:Infinity:undefined:undefined:undefined:undefined":17,"s:109:2:109:Infinity":63,"s:109:16:109:Infinity":64,"s:110:20:110:Infinity":65,"s:111:17:111:58":66,"b:112:2:112:Infinity:undefined:undefined:undefined:undefined":18,"s:112:2:112:Infinity":67,"s:112:15:112:Infinity":68,"s:113:12:113:Infinity":69,"s:114:19:114:37":70,"b:115:2:115:Infinity:undefined:undefined:undefined:undefined":19,"s:115:2:115:Infinity":71,"s:115:34:115:Infinity":72,"s:116:16:116:Infinity":73,"b:116:46:116:56:116:56:116:Infinity":20,"s:117:17:117:Infinity":74,"s:118:19:118:Infinity":75,"b:118:62:118:71:118:71:118:Infinity":21,"b:118:19:118:49:118:49:118:62":22,"s:120:4:122:Infinity":76,"b:121:8:121:57:122:8:122:Infinity":23,"b:120:4:120:22:120:22:120:43:120:43:120:Infinity":24,"s:123:13:123:Infinity":77,"s:124:21:124:104":78,"b:124:26:124:87:124:102:124:104":25,"b:124:27:124:52:124:52:124:71":26,"s:125:18:125:Infinity":79,"b:125:47:125:67:125:70:125:Infinity":27,"s:126:19:126:Infinity":80,"s:127:2:144:Infinity":81,"b:129:12:129:34:129:34:129:Infinity":28,"b:133:53:133:69:133:69:133:Infinity":29,"b:135:56:135:73:135:73:135:Infinity":30,"b:138:17:138:47:138:47:138:74":31,"b:139:25:139:65:139:68:139:Infinity":32,"b:140:17:140:92:140:95:140:97":33,"f:147:9:147:26":9,"s:148:24:148:26":82,"s:149:13:149:52":83,"s:151:2:157:Infinity":84,"s:152:25:152:Infinity":85,"s:153:21:153:61":86,"b:154:4:154:Infinity:undefined:undefined:undefined:undefined":34,"s:154:4:154:Infinity":87,"s:154:25:154:Infinity":88,"s:155:24:155:80":89,"s:156:17:156:56":90,"b:157:4:157:Infinity:undefined:undefined:undefined:undefined":35,"s:157:4:157:Infinity":91,"s:157:14:157:Infinity":92,"s:159:2:159:Infinity":93,"f:162:15:162:32":10,"s:163:19:163:Infinity":94,"b:163:39:163:58:163:58:163:Infinity":36,"s:164:19:164:94":95,"s:165:28:165:30":96,"s:166:13:166:24":97,"s:167:2:188:Infinity":98,"s:167:18:167:21":99,"b:167:21:167:41:167:41:167:67":37,"s:168:16:168:Infinity":100,"b:168:29:168:52:168:52:168:Infinity":38,"s:169:16:175:6":101,"b:176:4:177:Infinity:undefined:undefined:undefined:undefined":39,"s:176:4:177:Infinity":102,"s:177:6:177:Infinity":103,"s:179:17:179:33":104,"s:180:18:180:40":105,"b:181:4:182:Infinity:undefined:undefined:undefined:undefined":40,"s:181:4:182:Infinity":106,"b:181:8:181:30:181:30:181:42":41,"s:182:6:182:Infinity":107,"s:184:4:186:Infinity":108,"s:185:6:185:Infinity":109,"b:186:6:186:Infinity:undefined:undefined:undefined:undefined":42,"s:186:6:186:Infinity":110,"s:186:37:186:Infinity":111,"b:188:4:188:Infinity:undefined:undefined:undefined:undefined":43,"s:188:4:188:Infinity":112,"s:188:42:188:Infinity":113,"s:190:2:190:Infinity":114,"f:193:9:193:33":11,"s:194:2:196:Infinity":115,"b:195:4:195:38:196:4:196:54":44,"f:200:15:200:28":12,"b:200:60:200:81":45,"s:201:2:209:Infinity":116,"s:202:4:202:Infinity":117,"s:204:16:204:58":118,"b:204:37:204:49:204:49:204:58":46,"b:205:4:207:Infinity:undefined:undefined:undefined:undefined":47,"s:205:4:207:Infinity":119,"s:206:6:206:Infinity":120,"s:207:6:207:Infinity":121,"s:209:4:209:Infinity":122,"f:213:9:213:19":13,"s:214:16:214:Infinity":123,"b:214:48:214:60:214:60:214:Infinity":48,"s:215:19:215:Infinity":124,"b:215:61:215:83:215:83:215:Infinity":49,"s:217:4:219:Infinity":125,"b:218:8:218:57:219:8:219:Infinity":50,"b:217:4:217:13:217:13:217:25:217:25:217:Infinity":51,"s:220:18:220:34":126,"b:220:18:220:32:220:32:220:34":52,"s:221:21:223:20":127,"f:222:5:222:10":14,"s:222:16:222:49":128,"b:222:16:222:36:222:36:222:49":53,"s:224:14:224:Infinity":129,"s:225:18:225:Infinity":130,"b:227:2:230:Infinity:229:9:230:Infinity":54,"s:227:2:230:Infinity":131,"b:227:6:227:37:227:37:227:51":55,"s:228:4:228:Infinity":132,"s:230:4:230:Infinity":133,"s:232:2:249:Infinity":134,"b:234:12:234:36:234:36:234:Infinity":56,"b:238:18:238:48:238:48:238:Infinity":57,"b:243:17:243:46:243:46:243:68":58,"b:244:15:244:52:244:52:244:Infinity":59,"f:256:22:256:39":15,"s:257:2:257:Infinity":135,"s:258:23:261:4":136,"s:262:15:262:32":137,"s:263:25:263:27":138,"s:264:2:267:Infinity":139,"b:265:4:267:Infinity:undefined:undefined:undefined:undefined":60,"s:265:4:267:Infinity":140,"s:266:6:266:Infinity":141,"s:267:6:267:Infinity":142,"s:270:2:273:Infinity":143,"s:274:2:274:Infinity":144}}}
,"/Users/mikolaj/Desktop/Projects/pepper-bot/src/settings.ts": {"path":"/Users/mikolaj/Desktop/Projects/pepper-bot/src/settings.ts","statementMap":{"0":{"start":{"line":9,"column":45},"end":{"line":9,"column":null}},"1":{"start":{"line":12,"column":46},"end":{"line":12,"column":null}},"2":{"start":{"line":15,"column":36},"end":{"line":15,"column":null}},"3":{"start":{"line":18,"column":53},"end":{"line":18,"column":null}},"4":{"start":{"line":23,"column":40},"end":{"line":23,"column":null}},"5":{"start":{"line":50,"column":38},"end":{"line":50,"column":null}},"6":{"start":{"line":52,"column":38},"end":{"line":52,"column":null}},"7":{"start":{"line":57,"column":29},"end":{"line":57,"column":null}},"8":{"start":{"line":61,"column":31},"end":{"line":61,"column":null}},"9":{"start":{"line":63,"column":34},"end":{"line":63,"column":null}},"10":{"start":{"line":65,"column":35},"end":{"line":65,"column":56}},"11":{"start":{"line":67,"column":42},"end":{"line":67,"column":null}},"12":{"start":{"line":69,"column":34},"end":{"line":69,"column":null}},"13":{"start":{"line":72,"column":38},"end":{"line":72,"column":null}},"14":{"start":{"line":76,"column":2},"end":{"line":76,"column":null}},"15":{"start":{"line":79,"column":2},"end":{"line":79,"column":null}},"16":{"start":{"line":82,"column":34},"end":{"line":82,"column":null}},"17":{"start":{"line":84,"column":40},"end":{"line":84,"column":null}},"18":{"start":{"line":86,"column":41},"end":{"line":86,"column":null}}},"fnMap":{"0":{"name":"formatDigestHeader","decl":{"start":{"line":78,"column":16},"end":{"line":78,"column":35}},"loc":{"start":{"line":78,"column":66},"end":{"line":79,"column":null}},"line":78}},"branchMap":{},"s":{"0":10,"1":10,"2":10,"3":10,"4":10,"5":10,"6":10,"7":10,"8":10,"9":10,"10":10,"11":10,"12":10,"13":10,"14":10,"15":1,"16":10,"17":10,"18":10},"f":{"0":1},"b":{},"meta":{"lastBranch":0,"lastFunction":1,"lastStatement":19,"seen":{"s:9:45:9:Infinity":0,"s:12:46:12:Infinity":1,"s:15:36:15:Infinity":2,"s:18:53:18:Infinity":3,"s:23:40:23:Infinity":4,"s:50:38:50:Infinity":5,"s:52:38:52:Infinity":6,"s:57:29:57:Infinity":7,"s:61:31:61:Infinity":8,"s:63:34:63:Infinity":9,"s:65:35:65:56":10,"s:67:42:67:Infinity":11,"s:69:34:69:Infinity":12,"s:72:38:72:Infinity":13,"s:76:2:76:Infinity":14,"f:78:16:78:35":0,"s:79:2:79:Infinity":15,"s:82:34:82:Infinity":16,"s:84:40:84:Infinity":17,"s:86:41:86:Infinity":18}}}
,"/Users/mikolaj/Desktop/Projects/pepper-bot/src/types.ts": {"path":"/Users/mikolaj/Desktop/Projects/pepper-bot/src/types.ts","statementMap":{},"fnMap":{},"branchMap":{},"s":{},"f":{},"b":{},"meta":{"lastBranch":0,"lastFunction":0,"lastStatement":0,"seen":{}}}
}
